2024-12-13 20:51:39 [INFO] 数据库加载成功
2024-12-13 20:51:39 [INFO] 解析更新日志成功
2024-12-13 20:51:39 [INFO] ACM GAME 启动成功!
2024-12-13 20:51:39 [INFO] 目前版本: v2.0.0
2024-12-13 20:51:46 [ERROR] 查询用户失败:
%!(EXTRA *gorm.DB=&{0xc0001201b0 <nil> 1 0xc000106a80 0})2024-12-13 20:51:46 [INFO] 玩家 Xiao_Shuai_Ge 进入聊天室
2024-12-13 20:51:47 [ERROR] 查询用户失败:
%!(EXTRA *gorm.DB=&{0xc0001201b0 <nil> 1 0xc00006bdc0 0})2024-12-13 20:51:47 [INFO] 玩家 simplyjoke 进入聊天室
2024-12-13 20:51:55 [ERROR] 查询用户失败:
%!(EXTRA *gorm.DB=&{0xc0001201b0 <nil> 1 0xc00028e000 0})2024-12-13 20:51:55 [INFO] 玩家 qq2462155058 进入聊天室
2024-12-13 20:52:34 [INFO] 游戏开始
2024-12-13 20:52:40 [ERROR] 查询用户失败:
%!(EXTRA *gorm.DB=&{0xc0001201b0 <nil> 1 0xc000260380 0})2024-12-13 20:52:40 [INFO] 玩家 jhinih 进入聊天室
2024-12-13 20:55:34 [INFO] 进行一次检查
2024-12-13 20:55:34 [INFO] 正在获取用户Xiao_Shuai_Ge的提交记录
2024-12-13 20:55:37 [INFO] 获取用户Xiao_Shuai_Ge的提交记录成功
2024-12-13 20:55:39 [INFO] 正在获取用户simplyjoke的提交记录
2024-12-13 20:55:40 [INFO] 获取用户simplyjoke的提交记录成功
2024-12-13 20:55:41 [INFO] 正在获取用户qq2462155058的提交记录
2024-12-13 20:55:46 [INFO] 获取用户qq2462155058的提交记录成功
2024-12-13 20:55:46 [INFO] 正在获取用户jhinih的提交记录
2024-12-13 20:55:47 [INFO] 获取用户jhinih的提交记录成功
2024-12-13 20:58:34 [INFO] 进行一次检查
2024-12-13 20:58:34 [INFO] 正在获取用户Xiao_Shuai_Ge的提交记录
2024-12-13 20:58:35 [INFO] 获取用户Xiao_Shuai_Ge的提交记录成功
2024-12-13 20:58:35 [INFO] 正在获取用户simplyjoke的提交记录
2024-12-13 20:58:36 [INFO] 获取用户simplyjoke的提交记录成功
2024-12-13 20:58:36 [INFO] 正在获取用户qq2462155058的提交记录
2024-12-13 20:58:36 [INFO] 获取用户qq2462155058的提交记录成功
2024-12-13 20:58:36 [INFO] 正在获取用户jhinih的提交记录
2024-12-13 20:58:36 [INFO] 获取用户jhinih的提交记录成功
2024-12-13 21:01:34 [INFO] 进行一次检查
2024-12-13 21:01:34 [INFO] 正在获取用户qq2462155058的提交记录
2024-12-13 21:01:35 [INFO] 获取用户qq2462155058的提交记录成功
2024-12-13 21:01:35 [INFO] 正在获取用户jhinih的提交记录
2024-12-13 21:01:35 [INFO] 获取用户jhinih的提交记录成功
2024-12-13 21:01:35 [INFO] 正在获取用户Xiao_Shuai_Ge的提交记录
2024-12-13 21:01:36 [INFO] 获取用户Xiao_Shuai_Ge的提交记录成功
2024-12-13 21:01:36 [INFO] 正在获取用户simplyjoke的提交记录
2024-12-13 21:01:36 [INFO] 获取用户simplyjoke的提交记录成功
2024-12-13 21:02:18 [INFO] 进行一次检查
2024-12-13 21:02:18 [INFO] 正在获取用户simplyjoke的提交记录
2024-12-13 21:02:29 [INFO] 获取用户simplyjoke的提交记录成功
2024-12-13 21:02:30 [INFO] 正在获取用户qq2462155058的提交记录
2024-12-13 21:02:30 [INFO] 获取用户qq2462155058的提交记录成功
2024-12-13 21:02:31 [INFO] 正在获取用户jhinih的提交记录
2024-12-13 21:02:31 [INFO] 获取用户jhinih的提交记录成功
2024-12-13 21:02:31 [INFO] 正在获取用户Xiao_Shuai_Ge的提交记录
2024-12-13 21:02:32 [INFO] 获取用户Xiao_Shuai_Ge的提交记录成功
2024-12-13 21:05:18 [INFO] 进行一次检查
2024-12-13 21:05:18 [INFO] 正在获取用户simplyjoke的提交记录
2024-12-13 21:05:19 [INFO] 获取用户simplyjoke的提交记录成功
2024-12-13 21:05:19 [INFO] 正在获取用户qq2462155058的提交记录
2024-12-13 21:05:20 [INFO] 获取用户qq2462155058的提交记录成功
2024-12-13 21:05:20 [INFO] 正在获取用户jhinih的提交记录
2024-12-13 21:05:20 [INFO] 获取用户jhinih的提交记录成功
2024-12-13 21:05:20 [INFO] 正在获取用户Xiao_Shuai_Ge的提交记录
2024-12-13 21:05:21 [INFO] 获取用户Xiao_Shuai_Ge的提交记录成功
2024-12-13 21:08:18 [INFO] 进行一次检查
2024-12-13 21:08:18 [INFO] 正在获取用户Xiao_Shuai_Ge的提交记录
2024-12-13 21:08:19 [INFO] 获取用户Xiao_Shuai_Ge的提交记录成功
2024-12-13 21:08:19 [INFO] 正在获取用户simplyjoke的提交记录
2024-12-13 21:08:19 [INFO] 获取用户simplyjoke的提交记录成功
2024-12-13 21:08:19 [INFO] 正在获取用户qq2462155058的提交记录
2024-12-13 21:08:20 [INFO] 获取用户qq2462155058的提交记录成功
2024-12-13 21:08:20 [INFO] 正在获取用户jhinih的提交记录
2024-12-13 21:08:20 [INFO] 获取用户jhinih的提交记录成功
2024-12-13 21:11:18 [INFO] 进行一次检查
2024-12-13 21:11:18 [INFO] 正在获取用户qq2462155058的提交记录
2024-12-13 21:11:19 [INFO] 获取用户qq2462155058的提交记录成功
2024-12-13 21:11:19 [INFO] 正在获取用户jhinih的提交记录
2024-12-13 21:11:19 [INFO] 获取用户jhinih的提交记录成功
2024-12-13 21:11:19 [INFO] 正在获取用户Xiao_Shuai_Ge的提交记录
2024-12-13 21:11:20 [INFO] 获取用户Xiao_Shuai_Ge的提交记录成功
2024-12-13 21:11:20 [INFO] 正在获取用户simplyjoke的提交记录
2024-12-13 21:11:20 [INFO] 获取用户simplyjoke的提交记录成功
2024-12-13 21:14:18 [INFO] 进行一次检查
2024-12-13 21:14:18 [INFO] 正在获取用户Xiao_Shuai_Ge的提交记录
2024-12-13 21:14:19 [INFO] 获取用户Xiao_Shuai_Ge的提交记录成功
2024-12-13 21:14:19 [INFO] 正在获取用户simplyjoke的提交记录
2024-12-13 21:14:19 [INFO] 获取用户simplyjoke的提交记录成功
2024-12-13 21:14:19 [INFO] 正在获取用户qq2462155058的提交记录
2024-12-13 21:14:19 [INFO] 获取用户qq2462155058的提交记录成功
2024-12-13 21:14:19 [INFO] 正在获取用户jhinih的提交记录
2024-12-13 21:14:20 [INFO] 获取用户jhinih的提交记录成功
2024-12-13 21:17:18 [INFO] 进行一次检查
2024-12-13 21:17:18 [INFO] 正在获取用户Xiao_Shuai_Ge的提交记录
2024-12-13 21:17:19 [INFO] 获取用户Xiao_Shuai_Ge的提交记录成功
2024-12-13 21:17:20 [INFO] 正在获取用户simplyjoke的提交记录
2024-12-13 21:17:20 [INFO] 获取用户simplyjoke的提交记录成功
2024-12-13 21:17:20 [INFO] 正在获取用户qq2462155058的提交记录
2024-12-13 21:17:20 [INFO] 获取用户qq2462155058的提交记录成功
2024-12-13 21:17:21 [INFO] 正在获取用户jhinih的提交记录
2024-12-13 21:17:22 [INFO] 获取用户jhinih的提交记录成功
2024-12-13 21:18:18 [INFO] 进行一次检查
2024-12-13 21:18:18 [INFO] 正在获取用户Xiao_Shuai_Ge的提交记录
2024-12-13 21:18:19 [INFO] 获取用户Xiao_Shuai_Ge的提交记录成功
2024-12-13 21:18:19 [INFO] 正在获取用户simplyjoke的提交记录
2024-12-13 21:18:19 [INFO] 获取用户simplyjoke的提交记录成功
2024-12-13 21:18:19 [INFO] 正在获取用户qq2462155058的提交记录
2024-12-13 21:18:21 [INFO] 获取用户qq2462155058的提交记录成功
2024-12-13 21:18:21 [INFO] 正在获取用户jhinih的提交记录
2024-12-13 21:18:23 [INFO] 获取用户jhinih的提交记录成功
2024-12-13 21:21:18 [INFO] 进行一次检查
2024-12-13 21:21:18 [INFO] 正在获取用户Xiao_Shuai_Ge的提交记录
2024-12-13 21:21:28 [INFO] 获取用户Xiao_Shuai_Ge的提交记录成功
2024-12-13 21:21:28 [INFO] 正在获取用户simplyjoke的提交记录
2024-12-13 21:21:29 [INFO] 获取用户simplyjoke的提交记录成功
2024-12-13 21:21:29 [INFO] 正在获取用户qq2462155058的提交记录
2024-12-13 21:21:29 [INFO] 获取用户qq2462155058的提交记录成功
2024-12-13 21:21:29 [INFO] 正在获取用户jhinih的提交记录
2024-12-13 21:21:30 [INFO] 获取用户jhinih的提交记录成功
2024-12-13 21:24:18 [INFO] 进行一次检查
2024-12-13 21:24:18 [INFO] 正在获取用户Xiao_Shuai_Ge的提交记录
2024-12-13 21:24:20 [INFO] 获取用户Xiao_Shuai_Ge的提交记录成功
2024-12-13 21:24:20 [INFO] 正在获取用户simplyjoke的提交记录
2024-12-13 21:24:20 [INFO] 获取用户simplyjoke的提交记录成功
2024-12-13 21:24:20 [INFO] 正在获取用户qq2462155058的提交记录
2024-12-13 21:24:20 [INFO] 获取用户qq2462155058的提交记录成功
2024-12-13 21:24:20 [INFO] 正在获取用户jhinih的提交记录
2024-12-13 21:24:20 [INFO] 获取用户jhinih的提交记录成功
2024-12-13 21:27:18 [INFO] 进行一次检查
2024-12-13 21:27:18 [INFO] 正在获取用户qq2462155058的提交记录
2024-12-13 21:27:19 [INFO] 获取用户qq2462155058的提交记录成功
2024-12-13 21:27:19 [INFO] 正在获取用户jhinih的提交记录
2024-12-13 21:27:19 [INFO] 获取用户jhinih的提交记录成功
2024-12-13 21:27:19 [INFO] 正在获取用户Xiao_Shuai_Ge的提交记录
2024-12-13 21:27:20 [INFO] 获取用户Xiao_Shuai_Ge的提交记录成功
2024-12-13 21:27:20 [INFO] 正在获取用户simplyjoke的提交记录
2024-12-13 21:27:20 [INFO] 获取用户simplyjoke的提交记录成功
2024-12-13 21:30:18 [INFO] 进行一次检查
2024-12-13 21:30:18 [INFO] 正在获取用户jhinih的提交记录
2024-12-13 21:30:21 [INFO] 获取用户jhinih的提交记录成功
2024-12-13 21:30:21 [INFO] 正在获取用户Xiao_Shuai_Ge的提交记录
2024-12-13 21:30:22 [INFO] 获取用户Xiao_Shuai_Ge的提交记录成功
2024-12-13 21:30:22 [INFO] 正在获取用户simplyjoke的提交记录
2024-12-13 21:30:23 [INFO] 获取用户simplyjoke的提交记录成功
2024-12-13 21:30:23 [INFO] 正在获取用户qq2462155058的提交记录
2024-12-13 21:30:24 [INFO] 获取用户qq2462155058的提交记录成功
2024-12-13 21:30:37 [INFO] 玩家 qq2462155058 离开聊天室
2024-12-13 21:33:18 [INFO] 进行一次检查
2024-12-13 21:33:18 [INFO] 正在获取用户jhinih的提交记录
2024-12-13 21:33:19 [INFO] 获取用户jhinih的提交记录成功
2024-12-13 21:33:19 [INFO] 正在获取用户Xiao_Shuai_Ge的提交记录
2024-12-13 21:33:19 [INFO] 获取用户Xiao_Shuai_Ge的提交记录成功
2024-12-13 21:33:19 [INFO] 正在获取用户simplyjoke的提交记录
2024-12-13 21:33:19 [INFO] 获取用户simplyjoke的提交记录成功
2024-12-13 21:36:18 [INFO] 进行一次检查
2024-12-13 21:36:18 [INFO] 正在获取用户Xiao_Shuai_Ge的提交记录
2024-12-13 21:36:20 [INFO] 获取用户Xiao_Shuai_Ge的提交记录成功
2024-12-13 21:36:20 [INFO] 正在获取用户simplyjoke的提交记录
2024-12-13 21:36:20 [INFO] 获取用户simplyjoke的提交记录成功
2024-12-13 21:36:20 [INFO] 正在获取用户jhinih的提交记录
2024-12-13 21:36:20 [INFO] 获取用户jhinih的提交记录成功
2024-12-13 21:39:18 [INFO] 进行一次检查
2024-12-13 21:39:18 [INFO] 正在获取用户simplyjoke的提交记录
2024-12-13 21:39:20 [INFO] 获取用户simplyjoke的提交记录成功
2024-12-13 21:39:20 [INFO] 正在获取用户jhinih的提交记录
2024-12-13 21:39:20 [INFO] 获取用户jhinih的提交记录成功
2024-12-13 21:39:20 [INFO] 正在获取用户Xiao_Shuai_Ge的提交记录
2024-12-13 21:39:21 [INFO] 获取用户Xiao_Shuai_Ge的提交记录成功
2024-12-13 21:42:18 [INFO] 进行一次检查
2024-12-13 21:42:18 [INFO] 正在获取用户jhinih的提交记录
2024-12-13 21:42:20 [INFO] 获取用户jhinih的提交记录成功
2024-12-13 21:42:20 [INFO] 正在获取用户Xiao_Shuai_Ge的提交记录
2024-12-13 21:42:21 [INFO] 获取用户Xiao_Shuai_Ge的提交记录成功
2024-12-13 21:42:21 [INFO] 正在获取用户simplyjoke的提交记录
2024-12-13 21:42:22 [INFO] 获取用户simplyjoke的提交记录成功
2024-12-13 21:45:18 [INFO] 进行一次检查
2024-12-13 21:45:18 [INFO] 正在获取用户Xiao_Shuai_Ge的提交记录
2024-12-13 21:45:23 [INFO] 获取用户Xiao_Shuai_Ge的提交记录成功
2024-12-13 21:45:25 [INFO] 正在获取用户simplyjoke的提交记录
2024-12-13 21:45:26 [INFO] 获取用户simplyjoke的提交记录成功
2024-12-13 21:45:26 [INFO] 正在获取用户jhinih的提交记录
2024-12-13 21:45:28 [INFO] 获取用户jhinih的提交记录成功
2024-12-13 21:48:18 [INFO] 进行一次检查
2024-12-13 21:48:18 [INFO] 正在获取用户jhinih的提交记录
2024-12-13 21:48:19 [INFO] 获取用户jhinih的提交记录成功
2024-12-13 21:48:20 [INFO] 正在获取用户Xiao_Shuai_Ge的提交记录
2024-12-13 21:48:20 [INFO] 获取用户Xiao_Shuai_Ge的提交记录成功
2024-12-13 21:48:20 [INFO] 正在获取用户simplyjoke的提交记录
2024-12-13 21:48:20 [INFO] 获取用户simplyjoke的提交记录成功
2024-12-13 21:51:18 [INFO] 进行一次检查
2024-12-13 21:51:18 [INFO] 正在获取用户simplyjoke的提交记录
2024-12-13 21:51:54 [INFO] 获取用户simplyjoke的提交记录成功
2024-12-13 21:51:55 [INFO] 正在获取用户jhinih的提交记录
2024-12-13 21:51:56 [INFO] 获取用户jhinih的提交记录成功
2024-12-13 21:51:56 [INFO] 正在获取用户Xiao_Shuai_Ge的提交记录
2024-12-13 21:51:57 [INFO] 获取用户Xiao_Shuai_Ge的提交记录成功
2024-12-13 21:54:18 [INFO] 进行一次检查
2024-12-13 21:54:18 [INFO] 正在获取用户Xiao_Shuai_Ge的提交记录
2024-12-13 21:54:19 [INFO] 获取用户Xiao_Shuai_Ge的提交记录成功
2024-12-13 21:54:19 [INFO] 正在获取用户simplyjoke的提交记录
2024-12-13 21:54:19 [INFO] 获取用户simplyjoke的提交记录成功
2024-12-13 21:54:19 [INFO] 正在获取用户jhinih的提交记录
2024-12-13 21:54:20 [INFO] 获取用户jhinih的提交记录成功
2024-12-13 21:56:39 [INFO] 进行一次检查
2024-12-13 21:56:39 [INFO] 正在获取用户jhinih的提交记录
2024-12-13 21:56:41 [INFO] 获取用户jhinih的提交记录成功
2024-12-13 21:56:41 [INFO] 正在获取用户Xiao_Shuai_Ge的提交记录
2024-12-13 21:56:41 [INFO] 获取用户Xiao_Shuai_Ge的提交记录成功
2024-12-13 21:56:41 [INFO] 正在获取用户simplyjoke的提交记录
2024-12-13 21:56:41 [INFO] 获取用户simplyjoke的提交记录成功
2024-12-13 21:59:39 [INFO] 进行一次检查
2024-12-13 21:59:39 [INFO] 正在获取用户Xiao_Shuai_Ge的提交记录
2024-12-13 21:59:40 [INFO] 获取用户Xiao_Shuai_Ge的提交记录成功
2024-12-13 21:59:40 [INFO] 正在获取用户simplyjoke的提交记录
2024-12-13 21:59:40 [INFO] 获取用户simplyjoke的提交记录成功
2024-12-13 21:59:40 [INFO] 正在获取用户jhinih的提交记录
2024-12-13 21:59:41 [INFO] 获取用户jhinih的提交记录成功
2024-12-13 22:02:39 [INFO] 进行一次检查
2024-12-13 22:02:39 [INFO] 正在获取用户Xiao_Shuai_Ge的提交记录
2024-12-13 22:02:39 [INFO] 获取用户Xiao_Shuai_Ge的提交记录成功
2024-12-13 22:02:40 [INFO] 正在获取用户simplyjoke的提交记录
2024-12-13 22:02:40 [INFO] 获取用户simplyjoke的提交记录成功
2024-12-13 22:02:40 [INFO] 正在获取用户jhinih的提交记录
2024-12-13 22:02:40 [INFO] 获取用户jhinih的提交记录成功
2024-12-13 22:05:39 [INFO] 进行一次检查
2024-12-13 22:05:39 [INFO] 正在获取用户Xiao_Shuai_Ge的提交记录
2024-12-13 22:05:40 [INFO] 获取用户Xiao_Shuai_Ge的提交记录成功
2024-12-13 22:05:40 [INFO] 正在获取用户simplyjoke的提交记录
2024-12-13 22:05:41 [INFO] 获取用户simplyjoke的提交记录成功
2024-12-13 22:05:41 [INFO] 正在获取用户jhinih的提交记录
2024-12-13 22:05:41 [INFO] 获取用户jhinih的提交记录成功
2024-12-13 22:08:39 [INFO] 进行一次检查
2024-12-13 22:08:39 [INFO] 正在获取用户Xiao_Shuai_Ge的提交记录
2024-12-13 22:08:40 [INFO] 获取用户Xiao_Shuai_Ge的提交记录成功
2024-12-13 22:08:40 [INFO] 正在获取用户simplyjoke的提交记录
2024-12-13 22:08:41 [INFO] 获取用户simplyjoke的提交记录成功
2024-12-13 22:08:41 [INFO] 正在获取用户jhinih的提交记录
2024-12-13 22:08:41 [INFO] 获取用户jhinih的提交记录成功
2024-12-13 22:11:39 [INFO] 进行一次检查
2024-12-13 22:11:39 [INFO] 正在获取用户jhinih的提交记录
2024-12-13 22:11:40 [INFO] 获取用户jhinih的提交记录成功
2024-12-13 22:11:40 [INFO] 正在获取用户Xiao_Shuai_Ge的提交记录
2024-12-13 22:11:40 [INFO] 获取用户Xiao_Shuai_Ge的提交记录成功
2024-12-13 22:11:40 [INFO] 正在获取用户simplyjoke的提交记录
2024-12-13 22:11:40 [INFO] 获取用户simplyjoke的提交记录成功
2024-12-13 22:14:39 [INFO] 进行一次检查
2024-12-13 22:14:39 [INFO] 正在获取用户Xiao_Shuai_Ge的提交记录
2024-12-13 22:14:40 [INFO] 获取用户Xiao_Shuai_Ge的提交记录成功
2024-12-13 22:14:41 [INFO] 正在获取用户simplyjoke的提交记录
2024-12-13 22:14:41 [INFO] 获取用户simplyjoke的提交记录成功
2024-12-13 22:14:41 [INFO] 正在获取用户jhinih的提交记录
2024-12-13 22:14:41 [INFO] 获取用户jhinih的提交记录成功
2024-12-13 22:16:30 [INFO] 进行一次检查
2024-12-13 22:16:30 [INFO] 正在获取用户Xiao_Shuai_Ge的提交记录
2024-12-13 22:16:31 [INFO] 获取用户Xiao_Shuai_Ge的提交记录成功
2024-12-13 22:16:31 [INFO] 正在获取用户simplyjoke的提交记录
2024-12-13 22:16:32 [INFO] 获取用户simplyjoke的提交记录成功
2024-12-13 22:16:32 [INFO] 正在获取用户jhinih的提交记录
2024-12-13 22:16:32 [INFO] 获取用户jhinih的提交记录成功
2024-12-13 22:19:30 [INFO] 进行一次检查
2024-12-13 22:19:30 [INFO] 正在获取用户Xiao_Shuai_Ge的提交记录
2024-12-13 22:19:31 [INFO] 获取用户Xiao_Shuai_Ge的提交记录成功
2024-12-13 22:19:31 [INFO] 正在获取用户simplyjoke的提交记录
2024-12-13 22:19:32 [INFO] 获取用户simplyjoke的提交记录成功
2024-12-13 22:19:32 [INFO] 正在获取用户jhinih的提交记录
2024-12-13 22:19:32 [INFO] 获取用户jhinih的提交记录成功
2024-12-13 22:22:25 [INFO] 玩家 simplyjoke 离开聊天室
2024-12-13 22:22:30 [INFO] 进行一次检查
2024-12-13 22:22:30 [INFO] 正在获取用户Xiao_Shuai_Ge的提交记录
2024-12-13 22:22:31 [INFO] 获取用户Xiao_Shuai_Ge的提交记录成功
2024-12-13 22:22:31 [INFO] 正在获取用户jhinih的提交记录
2024-12-13 22:22:31 [INFO] 获取用户jhinih的提交记录成功
2024-12-13 22:25:30 [INFO] 进行一次检查
2024-12-13 22:25:30 [INFO] 正在获取用户Xiao_Shuai_Ge的提交记录
2024-12-13 22:25:31 [INFO] 获取用户Xiao_Shuai_Ge的提交记录成功
2024-12-13 22:25:31 [INFO] 正在获取用户jhinih的提交记录
2024-12-13 22:25:32 [INFO] 获取用户jhinih的提交记录成功
2024-12-13 22:28:04 [ERROR] 查询用户失败:
%!(EXTRA *gorm.DB=&{0xc0001201b0 <nil> 1 0xc00045da40 0})2024-12-13 22:28:04 [INFO] 玩家 simplyjoke 进入聊天室
2024-12-13 22:28:30 [INFO] 进行一次检查
2024-12-13 22:28:30 [INFO] 正在获取用户Xiao_Shuai_Ge的提交记录
2024-12-13 22:28:31 [INFO] 获取用户Xiao_Shuai_Ge的提交记录成功
2024-12-13 22:28:31 [INFO] 正在获取用户simplyjoke的提交记录
2024-12-13 22:28:31 [INFO] 获取用户simplyjoke的提交记录成功
2024-12-13 22:28:31 [INFO] 正在获取用户jhinih的提交记录
2024-12-13 22:28:32 [INFO] 获取用户jhinih的提交记录成功
2024-12-13 22:31:30 [INFO] 进行一次检查
2024-12-13 22:31:30 [INFO] 正在获取用户Xiao_Shuai_Ge的提交记录
2024-12-13 22:31:31 [INFO] 获取用户Xiao_Shuai_Ge的提交记录成功
2024-12-13 22:31:31 [INFO] 正在获取用户simplyjoke的提交记录
2024-12-13 22:31:32 [INFO] 获取用户simplyjoke的提交记录成功
2024-12-13 22:31:32 [INFO] 正在获取用户jhinih的提交记录
2024-12-13 22:31:32 [INFO] 获取用户jhinih的提交记录成功
