2024-11-30 20:56:31 [INFO] 数据库加载成功
2024-11-30 20:56:31 [INFO] ACM GAME 启动成功!
2024-11-30 20:56:31 [INFO] 目前版本: v2.0.0
2024-11-30 20:56:39 [INFO] 玩家 Xiao_Shuai_Ge 进入聊天室
2024-11-30 20:56:39 [DEBUG] 成功发送一条群发消息: [[33m系统[0m] Xiao_Shuai_Ge [33m进入聊天室[0m
2024-11-30 20:56:42 [DEBUG] 成功发送一条群发消息: 
    _    ___  __  __         ___    _    ___ __   __  _____  ___    _    __  __   __  __   ___   ___   ___ 
   /_\  / __||  \/  |  ___  | __|  /_\  / __|\ \ / / |_   _|| __|  /_\  |  \/  | |  \/  | / _ \ |   \ | __|
  / _ \| (__ | |\/| | |___| | _|  / _ \ \__ \ \ V /    | |  | _|  / _ \ | |\/| | | |\/| || (_) || |) || _| 
 /_/ \_\\___||_|  |_|       |___|/_/ \_\|___/  |_|     |_|  |___|/_/ \_\|_|  |_| |_|  |_| \___/ |___/ |___|
                                                                                                           

2024-11-30 20:56:42 [INFO] 游戏开始
2024-11-30 20:56:42 [DEBUG] 成功发送一条群发消息: [[33m系统[0m] 游戏开始!
2024-11-30 20:56:42 [DEBUG] 成功对发送一条个人消息: 
题目列表:
2024-11-30 20:56:42 [DEBUG] 成功对发送一条个人消息: 1. https://mirror.codeforces.com/problemset/problem/1941/A (难度: 800)
2024-11-30 20:56:42 [DEBUG] 成功对发送一条个人消息: 2. https://mirror.codeforces.com/problemset/problem/451/C (难度: 1700)
2024-11-30 20:56:42 [DEBUG] 成功对发送一条个人消息: 3. https://mirror.codeforces.com/problemset/problem/651/A (难度: 1100)
2024-11-30 20:56:42 [DEBUG] 成功对发送一条个人消息: 4. https://mirror.codeforces.com/problemset/problem/756/A (难度: 1700)
2024-11-30 20:56:42 [DEBUG] 成功对发送一条个人消息: 5. https://mirror.codeforces.com/problemset/problem/711/A (难度: 800)
2024-11-30 20:56:42 [DEBUG] 成功对发送一条个人消息: 6. https://mirror.codeforces.com/problemset/problem/523/A (难度: 1200)
2024-11-30 20:56:42 [DEBUG] 成功对发送一条个人消息: 7. https://mirror.codeforces.com/problemset/problem/1505/A (难度: 900)
2024-11-30 20:56:42 [DEBUG] 成功对发送一条个人消息: 8. https://mirror.codeforces.com/problemset/problem/1786/A2 (难度: 800)
2024-11-30 20:56:42 [DEBUG] 成功对发送一条个人消息: 9. https://mirror.codeforces.com/problemset/problem/1249/B2 (难度: 1300)
2024-11-30 20:56:42 [DEBUG] 成功对发送一条个人消息: 10. https://mirror.codeforces.com/problemset/problem/1933/A (难度: 800)
2024-11-30 20:58:17 [DEBUG] 成功发送一条群发消息: [Xiao_Shuai_Ge]:e
2024-11-30 20:58:25 [INFO] 玩家 Xiao_Shuai_Ge 离开聊天室
2024-11-30 20:58:25 [DEBUG] 成功发送一条群发消息: [[33m系统[0m] Xiao_Shuai_Ge [33m离开聊天室[0m
