2024-11-30 20:45:56 [INFO] 数据库加载成功
2024-11-30 20:45:56 [INFO] ACM GAME 启动成功!
2024-11-30 20:45:56 [INFO] 目前版本: v2.0.0
2024-11-30 20:46:04 [INFO] 玩家 Xiao_Shuai_Ge 进入聊天室
2024-11-30 20:46:04 [DEBUG] 成功发送一条群发消息: [[33m系统[0m] Xiao_Shuai_Ge [33m进入聊天室[0m
2024-11-30 20:46:07 [DEBUG] 成功发送一条群发消息: 
    _    ___  __  __         ___    _    ___ __   __  __  __   ___   ___   ___ 
   /_\  / __||  \/  |  ___  | __|  /_\  / __|\ \ / / |  \/  | / _ \ |   \ | __|
  / _ \| (__ | |\/| | |___| | _|  / _ \ \__ \ \ V /  | |\/| || (_) || |) || _| 
 /_/ \_\\___||_|  |_|       |___|/_/ \_\|___/  |_|   |_|  |_| \___/ |___/ |___|

2024-11-30 20:46:07 [INFO] 游戏开始
2024-11-30 20:46:07 [DEBUG] 成功发送一条群发消息: [[33m系统[0m] 游戏开始!
2024-11-30 20:46:07 [DEBUG] 成功对发送一条个人消息: 
题目列表:
2024-11-30 20:46:07 [DEBUG] 成功对发送一条个人消息: 1. https://mirror.codeforces.com/problemset/problem/1519/B (难度: 800)
2024-11-30 20:46:07 [DEBUG] 成功对发送一条个人消息: 2. https://mirror.codeforces.com/problemset/problem/1765/E (难度: 1000)
2024-11-30 20:46:07 [DEBUG] 成功对发送一条个人消息: 3. https://mirror.codeforces.com/problemset/problem/295/B (难度: 1700)
2024-11-30 20:46:07 [DEBUG] 成功对发送一条个人消息: 4. https://mirror.codeforces.com/problemset/problem/1729/D (难度: 1200)
2024-11-30 20:46:07 [DEBUG] 成功对发送一条个人消息: 5. https://mirror.codeforces.com/problemset/problem/1734/C (难度: 1200)
2024-11-30 20:46:07 [DEBUG] 成功对发送一条个人消息: 6. https://mirror.codeforces.com/problemset/problem/1041/A (难度: 800)
2024-11-30 20:46:12 [DEBUG] 成功发送一条群发消息: [[33m系统[0m] 游戏结束! 共解决题目: 0, 总罚时: 0
2024-11-30 20:46:13 [INFO] 玩家 Xiao_Shuai_Ge 离开聊天室
2024-11-30 20:46:13 [DEBUG] 成功发送一条群发消息: [[33m系统[0m] Xiao_Shuai_Ge [33m离开聊天室[0m
