2024-11-30 20:55:09 [INFO] 数据库加载成功
2024-11-30 20:55:09 [INFO] ACM GAME 启动成功!
2024-11-30 20:55:09 [INFO] 目前版本: v2.0.0
2024-11-30 20:55:18 [INFO] 玩家 Xiao_Shuai_Ge 进入聊天室
2024-11-30 20:55:18 [DEBUG] 成功发送一条群发消息: [[33m系统[0m] Xiao_Shuai_Ge [33m进入聊天室[0m
2024-11-30 20:55:32 [DEBUG] 成功发送一条群发消息: 
    _    ___  __  __         ___    _    ___ __   __  _____  ___    _    __  __   __  __   ___   ___   ___ 
   /_\  / __||  \/  |  ___  | __|  /_\  / __|\ \ / / |_   _|| __|  /_\  |  \/  | |  \/  | / _ \ |   \ | __|
  / _ \| (__ | |\/| | |___| | _|  / _ \ \__ \ \ V /    | |  | _|  / _ \ | |\/| | | |\/| || (_) || |) || _| 
 /_/ \_\\___||_|  |_|       |___|/_/ \_\|___/  |_|     |_|  |___|/_/ \_\|_|  |_| |_|  |_| \___/ |___/ |___|
                                                                                                           

2024-11-30 20:55:32 [INFO] 游戏开始
2024-11-30 20:55:32 [DEBUG] 成功发送一条群发消息: [[33m系统[0m] 游戏开始!
2024-11-30 20:55:32 [DEBUG] 成功对发送一条个人消息: 
题目列表:
2024-11-30 20:55:32 [DEBUG] 成功对发送一条个人消息: [37;2m1. https://mirror.codeforces.com/problemset/problem/272/D (难度: 1600)[32m [已解决][0m
2024-11-30 20:55:32 [DEBUG] 成功对发送一条个人消息: [37;2m2. https://mirror.codeforces.com/problemset/problem/1294/A (难度: 800)[32m [已解决][0m
2024-11-30 20:55:32 [DEBUG] 成功对发送一条个人消息: [37;2m3. https://mirror.codeforces.com/problemset/problem/1080/B (难度: 900)[32m [已解决][0m
2024-11-30 20:55:32 [DEBUG] 成功对发送一条个人消息: [37;2m4. https://mirror.codeforces.com/problemset/problem/482/A (难度: 1200)[32m [已解决][0m
2024-11-30 20:55:32 [DEBUG] 成功对发送一条个人消息: [37;2m5. https://mirror.codeforces.com/problemset/problem/1857/A (难度: 800)[32m [已解决][0m
2024-11-30 20:55:32 [DEBUG] 成功对发送一条个人消息: [37;2m6. https://mirror.codeforces.com/problemset/problem/1847/A (难度: 800)[32m [已解决][0m
2024-11-30 20:55:32 [DEBUG] 成功对发送一条个人消息: [37;2m7. https://mirror.codeforces.com/problemset/problem/1102/F (难度: 2000)[32m [已解决][0m
2024-11-30 20:55:32 [DEBUG] 成功对发送一条个人消息: [37;2m8. https://mirror.codeforces.com/problemset/problem/1722/B (难度: 800)[32m [已解决][0m
2024-11-30 20:55:32 [DEBUG] 成功对发送一条个人消息: [37;2m9. https://mirror.codeforces.com/problemset/problem/913/B (难度: 1200)[32m [已解决][0m
2024-11-30 20:55:32 [DEBUG] 成功对发送一条个人消息: [37;2m10. https://mirror.codeforces.com/problemset/problem/1904/C (难度: 1400)[32m [已解决][0m
