2024-11-30 18:02:09 [INFO] 数据库加载成功
2024-11-30 18:02:09 [INFO] ACM GAME 启动成功!
2024-11-30 18:02:09 [INFO] 目前版本: v2.0.0
2024-11-30 18:02:15 [INFO] 玩家 X 进入聊天室
2024-11-30 18:02:15 [DEBUG] 成功发送一条群发消息: [[33m系统[0m] X [33m进入聊天室[0m
2024-11-30 18:02:17 [DEBUG] 成功发送一条群发消息: 
    _    ___  __  __         ___    _    ___ __   __  __  __   ___   ___   ___ 
   /_\  / __||  \/  |  ___  | __|  /_\  / __|\ \ / / |  \/  | / _ \ |   \ | __|
  / _ \| (__ | |\/| | |___| | _|  / _ \ \__ \ \ V /  | |\/| || (_) || |) || _| 
 /_/ \_\\___||_|  |_|       |___|/_/ \_\|___/  |_|   |_|  |_| \___/ |___/ |___|

2024-11-30 18:02:17 [INFO] 游戏开始
2024-11-30 18:02:17 [DEBUG] 成功发送一条群发消息: [[33m系统[0m] 游戏开始!
2024-11-30 18:02:17 [DEBUG] 成功对发送一条个人消息: 
题目列表:
2024-11-30 18:02:17 [DEBUG] 成功对发送一条个人消息: 1. https://mirror.codeforces.com/problemset/problem/1985/A (难度: 800)
2024-11-30 18:02:17 [DEBUG] 成功对发送一条个人消息: 2. https://mirror.codeforces.com/problemset/problem/1741/B (难度: 800)
2024-11-30 18:02:17 [DEBUG] 成功对发送一条个人消息: 3. https://mirror.codeforces.com/problemset/problem/435/C (难度: 1600)
2024-11-30 18:02:17 [DEBUG] 成功对发送一条个人消息: 4. https://mirror.codeforces.com/problemset/problem/1080/C (难度: 1500)
2024-11-30 18:02:17 [DEBUG] 成功对发送一条个人消息: 5. https://mirror.codeforces.com/problemset/problem/1593/C (难度: 1000)
2024-11-30 18:02:17 [DEBUG] 成功对发送一条个人消息: 6. https://mirror.codeforces.com/problemset/problem/1579/E1 (难度: 1000)
