2024-11-30 17:51:18 [INFO] æ•°æ®åº“åŠ è½½æˆåŠŸ
2024-11-30 17:51:18 [INFO] ACM GAME å¯åŠ¨æˆåŠŸ!
2024-11-30 17:51:18 [INFO] ç›®å‰ç‰ˆæœ¬: v2.0.0
2024-11-30 17:51:25 [INFO] ç©å®¶ Xiao_Shuai_Ge è¿›å…¥èŠå¤©å®¤
2024-11-30 17:51:25 [DEBUG] æˆåŠŸå‘é€ä¸€æ¡ç¾¤å‘æ¶ˆæ¯: [[33mç³»ç»Ÿ[0m] Xiao_Shuai_Ge [33mè¿›å…¥èŠå¤©å®¤[0m
2024-11-30 17:51:31 [DEBUG] æˆåŠŸå‘é€ä¸€æ¡ç¾¤å‘æ¶ˆæ¯: 
    _    ___  __  __         ___    _    ___ __   __  __  __   ___   ___   ___ 
   /_\  / __||  \/  |  ___  | __|  /_\  / __|\ \ / / |  \/  | / _ \ |   \ | __|
  / _ \| (__ | |\/| | |___| | _|  / _ \ \__ \ \ V /  | |\/| || (_) || |) || _| 
 /_/ \_\\___||_|  |_|       |___|/_/ \_\|___/  |_|   |_|  |_| \___/ |___/ |___|

2024-11-30 17:51:31 [ERROR] ç”Ÿæˆé¢˜ç›®å¤±è´¥: WHERE conditions required
WHERE conditions required
WHERE conditions required
WHERE conditions required
WHERE conditions required
WHERE conditions required
2024-11-30 17:51:31 [DEBUG] æˆåŠŸå¯¹å‘é€ä¸€æ¡ä¸ªäººæ¶ˆæ¯: 
é¢˜ç›®åˆ—è¡¨:
2024-11-30 17:51:31 [DEBUG] æˆåŠŸå¯¹å‘é€ä¸€æ¡ä¸ªäººæ¶ˆæ¯: 1. https://mirror.codeforces.com/problemset/problem/1928/A (éš¾åº¦: 800)
2024-11-30 17:51:31 [DEBUG] æˆåŠŸå¯¹å‘é€ä¸€æ¡ä¸ªäººæ¶ˆæ¯: 2. https://mirror.codeforces.com/problemset/problem/802/G (éš¾åº¦: 800)
2024-11-30 17:51:31 [DEBUG] æˆåŠŸå¯¹å‘é€ä¸€æ¡ä¸ªäººæ¶ˆæ¯: 3. https://mirror.codeforces.com/problemset/problem/903/A (éš¾åº¦: 900)
2024-11-30 17:51:31 [DEBUG] æˆåŠŸå¯¹å‘é€ä¸€æ¡ä¸ªäººæ¶ˆæ¯: 4. https://mirror.codeforces.com/problemset/problem/1105/B (éš¾åº¦: 1100)
2024-11-30 17:51:31 [DEBUG] æˆåŠŸå¯¹å‘é€ä¸€æ¡ä¸ªäººæ¶ˆæ¯: 5. https://mirror.codeforces.com/problemset/problem/591/B (éš¾åº¦: 1200)
2024-11-30 17:51:31 [DEBUG] æˆåŠŸå¯¹å‘é€ä¸€æ¡ä¸ªäººæ¶ˆæ¯: 6. https://mirror.codeforces.com/problemset/problem/683/C (éš¾åº¦: 1600)
2024-11-30 17:51:31 [INFO] æ¸¸æˆå¼€å§‹
2024-11-30 17:51:31 [DEBUG] æˆåŠŸå‘é€ä¸€æ¡ç¾¤å‘æ¶ˆæ¯: [[33mç³»ç»Ÿ[0m] æ¸¸æˆå¼€å§‹!
