2024-11-30 21:15:34 [INFO] 数据库加载成功
2024-11-30 21:15:34 [INFO] ACM GAME 启动成功!
2024-11-30 21:15:34 [INFO] 目前版本: v2.0.0
2024-11-30 21:15:51 [INFO] 玩家 Xiao_Shuai_Ge 进入聊天室
2024-11-30 21:15:51 [DEBUG] 成功发送一条群发消息: [[33m系统[0m] Xiao_Shuai_Ge [33m进入聊天室[0m
2024-11-30 21:16:22 [INFO] 玩家 zhengjun0120 进入聊天室
2024-11-30 21:16:22 [DEBUG] 成功发送一条群发消息: [[33m系统[0m] zhengjun0120 [33m进入聊天室[0m
2024-11-30 21:16:24 [DEBUG] 成功发送一条群发消息: [zhengjun0120]:来啦
2024-11-30 21:16:25 [INFO] 玩家 jhinih 进入聊天室
2024-11-30 21:16:25 [DEBUG] 成功发送一条群发消息: [[33m系统[0m] jhinih [33m进入聊天室[0m
2024-11-30 21:16:28 [DEBUG] 成功发送一条群发消息: [zhengjun0120]:111
2024-11-30 21:16:31 [DEBUG] 成功发送一条群发消息: [Xiao_Shuai_Ge]:你怎么知道我是个傻逼
2024-11-30 21:16:38 [DEBUG] 成功发送一条群发消息: [jhinih]:我是🐎牛逼
2024-11-30 21:16:40 [DEBUG] 成功发送一条群发消息: [zhengjun0120]:hhhhh
2024-11-30 21:16:41 [DEBUG] 成功发送一条群发消息: 
    _    ___  __  __         ___    _    ___ __   __  _____  ___    _    __  __   __  __   ___   ___   ___ 
   /_\  / __||  \/  |  ___  | __|  /_\  / __|\ \ / / |_   _|| __|  /_\  |  \/  | |  \/  | / _ \ |   \ | __|
  / _ \| (__ | |\/| | |___| | _|  / _ \ \__ \ \ V /    | |  | _|  / _ \ | |\/| | | |\/| || (_) || |) || _| 
 /_/ \_\\___||_|  |_|       |___|/_/ \_\|___/  |_|     |_|  |___|/_/ \_\|_|  |_| |_|  |_| \___/ |___/ |___|
                                                                                                           

2024-11-30 21:16:41 [INFO] 游戏开始
2024-11-30 21:16:41 [DEBUG] 成功发送一条群发消息: [[33m系统[0m] 游戏开始!
2024-11-30 21:16:41 [DEBUG] 成功对发送一条个人消息: 
题目列表:
2024-11-30 21:16:41 [DEBUG] 成功对发送一条个人消息: 1. https://mirror.codeforces.com/problemset/problem/976/A (难度: 800)
2024-11-30 21:16:41 [DEBUG] 成功对发送一条个人消息: 2. https://mirror.codeforces.com/problemset/problem/1547/E (难度: 1500)
2024-11-30 21:16:41 [DEBUG] 成功对发送一条个人消息: 3. https://mirror.codeforces.com/problemset/problem/1598/A (难度: 800)
2024-11-30 21:16:41 [DEBUG] 成功对发送一条个人消息: 4. https://mirror.codeforces.com/problemset/problem/169/A (难度: 800)
2024-11-30 21:16:41 [DEBUG] 成功对发送一条个人消息: 5. https://mirror.codeforces.com/problemset/problem/1392/C (难度: 1200)
2024-11-30 21:16:41 [DEBUG] 成功对发送一条个人消息: 6. https://mirror.codeforces.com/problemset/problem/1837/B (难度: 900)
2024-11-30 21:16:41 [DEBUG] 成功对发送一条个人消息: 7. https://mirror.codeforces.com/problemset/problem/768/C (难度: 1800)
2024-11-30 21:16:41 [DEBUG] 成功对发送一条个人消息: 8. https://mirror.codeforces.com/problemset/problem/229/A (难度: 1500)
2024-11-30 21:16:41 [DEBUG] 成功对发送一条个人消息: 9. https://mirror.codeforces.com/problemset/problem/1301/A (难度: 800)
2024-11-30 21:16:41 [DEBUG] 成功对发送一条个人消息: 10. https://mirror.codeforces.com/problemset/problem/1977/B (难度: 1100)
2024-11-30 21:16:41 [DEBUG] 成功对发送一条个人消息: 
题目列表:
2024-11-30 21:16:41 [DEBUG] 成功对发送一条个人消息: 1. https://mirror.codeforces.com/problemset/problem/976/A (难度: 800)
2024-11-30 21:16:41 [DEBUG] 成功对发送一条个人消息: 2. https://mirror.codeforces.com/problemset/problem/1547/E (难度: 1500)
2024-11-30 21:16:41 [DEBUG] 成功对发送一条个人消息: 3. https://mirror.codeforces.com/problemset/problem/1598/A (难度: 800)
2024-11-30 21:16:41 [DEBUG] 成功对发送一条个人消息: 4. https://mirror.codeforces.com/problemset/problem/169/A (难度: 800)
2024-11-30 21:16:41 [DEBUG] 成功对发送一条个人消息: 5. https://mirror.codeforces.com/problemset/problem/1392/C (难度: 1200)
2024-11-30 21:16:41 [DEBUG] 成功对发送一条个人消息: 6. https://mirror.codeforces.com/problemset/problem/1837/B (难度: 900)
2024-11-30 21:16:41 [DEBUG] 成功对发送一条个人消息: 7. https://mirror.codeforces.com/problemset/problem/768/C (难度: 1800)
2024-11-30 21:16:41 [DEBUG] 成功对发送一条个人消息: 8. https://mirror.codeforces.com/problemset/problem/229/A (难度: 1500)
2024-11-30 21:16:41 [DEBUG] 成功对发送一条个人消息: 9. https://mirror.codeforces.com/problemset/problem/1301/A (难度: 800)
2024-11-30 21:16:41 [DEBUG] 成功对发送一条个人消息: 10. https://mirror.codeforces.com/problemset/problem/1977/B (难度: 1100)
2024-11-30 21:16:41 [DEBUG] 成功对发送一条个人消息: 
题目列表:
2024-11-30 21:16:41 [DEBUG] 成功对发送一条个人消息: 1. https://mirror.codeforces.com/problemset/problem/976/A (难度: 800)
2024-11-30 21:16:41 [DEBUG] 成功对发送一条个人消息: 2. https://mirror.codeforces.com/problemset/problem/1547/E (难度: 1500)
2024-11-30 21:16:41 [DEBUG] 成功对发送一条个人消息: 3. https://mirror.codeforces.com/problemset/problem/1598/A (难度: 800)
2024-11-30 21:16:41 [DEBUG] 成功对发送一条个人消息: 4. https://mirror.codeforces.com/problemset/problem/169/A (难度: 800)
2024-11-30 21:16:41 [DEBUG] 成功对发送一条个人消息: 5. https://mirror.codeforces.com/problemset/problem/1392/C (难度: 1200)
2024-11-30 21:16:41 [DEBUG] 成功对发送一条个人消息: 6. https://mirror.codeforces.com/problemset/problem/1837/B (难度: 900)
2024-11-30 21:16:41 [DEBUG] 成功对发送一条个人消息: 7. https://mirror.codeforces.com/problemset/problem/768/C (难度: 1800)
2024-11-30 21:16:41 [DEBUG] 成功对发送一条个人消息: 8. https://mirror.codeforces.com/problemset/problem/229/A (难度: 1500)
2024-11-30 21:16:41 [DEBUG] 成功对发送一条个人消息: 9. https://mirror.codeforces.com/problemset/problem/1301/A (难度: 800)
2024-11-30 21:16:41 [DEBUG] 成功对发送一条个人消息: 10. https://mirror.codeforces.com/problemset/problem/1977/B (难度: 1100)
2024-11-30 21:16:45 [DEBUG] 成功发送一条群发消息: [Xiao_Shuai_Ge]:快不快
2024-11-30 21:16:48 [DEBUG] 成功发送一条群发消息: [Xiao_Shuai_Ge]:题目生成速度
2024-11-30 21:16:49 [DEBUG] 成功发送一条群发消息: [jhinih]:快
2024-11-30 21:16:49 [DEBUG] 成功发送一条群发消息: [zhengjun0120]:折磨块
2024-11-30 21:16:51 [DEBUG] 成功发送一条群发消息: [jhinih]:我是🐎牛逼
2024-11-30 21:16:59 [DEBUG] 成功对发送一条个人消息: 
题目列表:
2024-11-30 21:16:59 [DEBUG] 成功对发送一条个人消息: 1. https://mirror.codeforces.com/problemset/problem/976/A (难度: 800)
2024-11-30 21:16:59 [DEBUG] 成功对发送一条个人消息: 2. https://mirror.codeforces.com/problemset/problem/1547/E (难度: 1500)
2024-11-30 21:16:59 [DEBUG] 成功对发送一条个人消息: 3. https://mirror.codeforces.com/problemset/problem/1598/A (难度: 800)
2024-11-30 21:16:59 [DEBUG] 成功对发送一条个人消息: 4. https://mirror.codeforces.com/problemset/problem/169/A (难度: 800)
2024-11-30 21:16:59 [DEBUG] 成功对发送一条个人消息: 5. https://mirror.codeforces.com/problemset/problem/1392/C (难度: 1200)
2024-11-30 21:16:59 [DEBUG] 成功对发送一条个人消息: 6. https://mirror.codeforces.com/problemset/problem/1837/B (难度: 900)
2024-11-30 21:16:59 [DEBUG] 成功对发送一条个人消息: 7. https://mirror.codeforces.com/problemset/problem/768/C (难度: 1800)
2024-11-30 21:16:59 [DEBUG] 成功对发送一条个人消息: 8. https://mirror.codeforces.com/problemset/problem/229/A (难度: 1500)
2024-11-30 21:16:59 [DEBUG] 成功对发送一条个人消息: 9. https://mirror.codeforces.com/problemset/problem/1301/A (难度: 800)
2024-11-30 21:16:59 [DEBUG] 成功对发送一条个人消息: 10. https://mirror.codeforces.com/problemset/problem/1977/B (难度: 1100)
2024-11-30 21:17:16 [DEBUG] 成功发送一条群发消息: [zhengjun0120]:先wa一发康康
2024-11-30 21:18:06 [DEBUG] 成功发送一条群发消息: [jhinih]:我是🐎牛逼
2024-11-30 21:18:06 [DEBUG] 成功发送一条群发消息: [jhinih]:我是🐎牛逼
2024-11-30 21:19:11 [DEBUG] 成功发送一条群发消息: [[33m系统[0m] 进行一次提交检查...
2024-11-30 21:19:11 [INFO] 进行一次检查
2024-11-30 21:19:11 [INFO] 正在获取用户Xiao_Shuai_Ge的提交记录
2024-11-30 21:19:13 [INFO] 获取用户Xiao_Shuai_Ge的提交记录成功
2024-11-30 21:19:13 [INFO] 正在获取用户zhengjun0120的提交记录
2024-11-30 21:19:14 [INFO] 获取用户zhengjun0120的提交记录成功
2024-11-30 21:19:14 [INFO] 正在获取用户jhinih的提交记录
2024-11-30 21:19:14 [INFO] 获取用户jhinih的提交记录成功
2024-11-30 21:19:14 [DEBUG] 成功发送一条群发消息: [[33m系统[0m] zhengjun0120 [31mWA了第 6 题！[0m
2024-11-30 21:19:14 [DEBUG] 成功发送一条群发消息: [[33m系统[0m] zhengjun0120 [32mAC了第 6 题！(罚时: 12 )[0m
2024-11-30 21:19:18 [DEBUG] 成功发送一条群发消息: [Xiao_Shuai_Ge]:e
2024-11-30 21:19:20 [DEBUG] 成功发送一条群发消息: [zhengjun0120]:？？？
2024-11-30 21:19:24 [DEBUG] 成功发送一条群发消息: [zhengjun0120]:我都没交
2024-11-30 21:19:25 [DEBUG] 成功发送一条群发消息: [Xiao_Shuai_Ge]:BUG这就来了
2024-11-30 21:19:31 [DEBUG] 成功发送一条群发消息: [Xiao_Shuai_Ge]:哈
2024-11-30 21:19:34 [DEBUG] 成功发送一条群发消息: [zhengjun0120]:66
2024-11-30 21:19:37 [DEBUG] 成功发送一条群发消息: [zhengjun0120]:之前的题
2024-11-30 21:19:40 [DEBUG] 成功发送一条群发消息: [zhengjun0120]:写过的
2024-11-30 21:19:41 [DEBUG] 成功发送一条群发消息: [Xiao_Shuai_Ge]:噢噢
2024-11-30 21:19:42 [DEBUG] 成功发送一条群发消息: [Xiao_Shuai_Ge]:这样
2024-11-30 21:19:46 [DEBUG] 成功对发送一条个人消息: 
题目列表:
2024-11-30 21:19:46 [DEBUG] 成功对发送一条个人消息: 1. https://mirror.codeforces.com/problemset/problem/976/A (难度: 800)
2024-11-30 21:19:46 [DEBUG] 成功对发送一条个人消息: 2. https://mirror.codeforces.com/problemset/problem/1547/E (难度: 1500)
2024-11-30 21:19:46 [DEBUG] 成功对发送一条个人消息: 3. https://mirror.codeforces.com/problemset/problem/1598/A (难度: 800)
2024-11-30 21:19:46 [DEBUG] 成功对发送一条个人消息: 4. https://mirror.codeforces.com/problemset/problem/169/A (难度: 800)
2024-11-30 21:19:46 [DEBUG] 成功对发送一条个人消息: 5. https://mirror.codeforces.com/problemset/problem/1392/C (难度: 1200)
2024-11-30 21:19:46 [DEBUG] 成功对发送一条个人消息: [37;2m6. https://mirror.codeforces.com/problemset/problem/1837/B (难度: 900)[32m [已解决][0m
2024-11-30 21:19:46 [DEBUG] 成功对发送一条个人消息: 7. https://mirror.codeforces.com/problemset/problem/768/C (难度: 1800)
2024-11-30 21:19:46 [DEBUG] 成功对发送一条个人消息: 8. https://mirror.codeforces.com/problemset/problem/229/A (难度: 1500)
2024-11-30 21:19:46 [DEBUG] 成功对发送一条个人消息: 9. https://mirror.codeforces.com/problemset/problem/1301/A (难度: 800)
2024-11-30 21:19:46 [DEBUG] 成功对发送一条个人消息: 10. https://mirror.codeforces.com/problemset/problem/1977/B (难度: 1100)
2024-11-30 21:19:49 [DEBUG] 成功发送一条群发消息: [jhinih]:我是🐎牛逼666
2024-11-30 21:19:51 [DEBUG] 成功发送一条群发消息: [zhengjun0120]:真就先wa一发
2024-11-30 21:19:55 [DEBUG] 成功发送一条群发消息: [Xiao_Shuai_Ge]:666
2024-11-30 21:20:00 [DEBUG] 成功发送一条群发消息: [jhinih]:折磨巧
2024-11-30 21:20:17 [DEBUG] 成功发送一条群发消息: [Xiao_Shuai_Ge]:我这个题库还有办法做到不重复
2024-11-30 21:20:22 [DEBUG] 成功发送一条群发消息: [Xiao_Shuai_Ge]:数据库标记刷过
2024-11-30 21:20:28 [DEBUG] 成功对发送一条个人消息: 
题目列表:
2024-11-30 21:20:28 [DEBUG] 成功对发送一条个人消息: 1. https://mirror.codeforces.com/problemset/problem/976/A (难度: 800)
2024-11-30 21:20:28 [DEBUG] 成功对发送一条个人消息: 2. https://mirror.codeforces.com/problemset/problem/1547/E (难度: 1500)
2024-11-30 21:20:28 [DEBUG] 成功对发送一条个人消息: 3. https://mirror.codeforces.com/problemset/problem/1598/A (难度: 800)
2024-11-30 21:20:28 [DEBUG] 成功对发送一条个人消息: 4. https://mirror.codeforces.com/problemset/problem/169/A (难度: 800)
2024-11-30 21:20:28 [DEBUG] 成功对发送一条个人消息: 5. https://mirror.codeforces.com/problemset/problem/1392/C (难度: 1200)
2024-11-30 21:20:28 [DEBUG] 成功对发送一条个人消息: [37;2m6. https://mirror.codeforces.com/problemset/problem/1837/B (难度: 900)[32m [已解决][0m
2024-11-30 21:20:28 [DEBUG] 成功对发送一条个人消息: 7. https://mirror.codeforces.com/problemset/problem/768/C (难度: 1800)
2024-11-30 21:20:28 [DEBUG] 成功对发送一条个人消息: 8. https://mirror.codeforces.com/problemset/problem/229/A (难度: 1500)
2024-11-30 21:20:28 [DEBUG] 成功对发送一条个人消息: 9. https://mirror.codeforces.com/problemset/problem/1301/A (难度: 800)
2024-11-30 21:20:28 [DEBUG] 成功对发送一条个人消息: 10. https://mirror.codeforces.com/problemset/problem/1977/B (难度: 1100)
2024-11-30 21:20:32 [DEBUG] 成功发送一条群发消息: [Xiao_Shuai_Ge]:如果在之前的ACMGAME刷到过的话
2024-11-30 21:20:40 [DEBUG] 成功发送一条群发消息: [zhengjun0120]:能不能根据用户来刷（狗头
2024-11-30 21:20:54 [DEBUG] 成功发送一条群发消息: [Xiao_Shuai_Ge]:那太难
2024-11-30 21:21:11 [DEBUG] 成功发送一条群发消息: [zhengjun0120]:爬我写过的题目
2024-11-30 21:21:15 [DEBUG] 成功发送一条群发消息: [zhengjun0120]:hhhh
2024-11-30 21:21:23 [DEBUG] 成功发送一条群发消息: [Xiao_Shuai_Ge]:其实可以
2024-11-30 21:21:25 [DEBUG] 成功发送一条群发消息: [Xiao_Shuai_Ge]:有点懒
2024-11-30 21:22:11 [DEBUG] 成功发送一条群发消息: [[33m系统[0m] 进行一次提交检查...
2024-11-30 21:22:11 [INFO] 进行一次检查
2024-11-30 21:22:11 [INFO] 正在获取用户Xiao_Shuai_Ge的提交记录
2024-11-30 21:22:13 [INFO] 获取用户Xiao_Shuai_Ge的提交记录成功
2024-11-30 21:22:14 [INFO] 正在获取用户zhengjun0120的提交记录
2024-11-30 21:22:14 [INFO] 获取用户zhengjun0120的提交记录成功
2024-11-30 21:22:14 [INFO] 正在获取用户jhinih的提交记录
2024-11-30 21:22:15 [INFO] 获取用户jhinih的提交记录成功
2024-11-30 21:25:11 [DEBUG] 成功发送一条群发消息: [[33m系统[0m] 进行一次提交检查...
2024-11-30 21:25:11 [INFO] 进行一次检查
2024-11-30 21:25:11 [INFO] 正在获取用户zhengjun0120的提交记录
2024-11-30 21:25:13 [INFO] 获取用户zhengjun0120的提交记录成功
2024-11-30 21:25:13 [INFO] 正在获取用户jhinih的提交记录
2024-11-30 21:25:14 [INFO] 获取用户jhinih的提交记录成功
2024-11-30 21:25:14 [INFO] 正在获取用户Xiao_Shuai_Ge的提交记录
2024-11-30 21:25:15 [INFO] 获取用户Xiao_Shuai_Ge的提交记录成功
2024-11-30 21:25:15 [DEBUG] 成功发送一条群发消息: [[33m系统[0m] zhengjun0120 [32mAC了第 1 题！(罚时: 8 )[0m
2024-11-30 21:25:41 [DEBUG] 成功发送一条群发消息: [zhengjun0120]:我去补一下作业
2024-11-30 21:25:46 [DEBUG] 成功发送一条群发消息: [Xiao_Shuai_Ge]:e
2024-11-30 21:25:50 [DEBUG] 成功发送一条群发消息: [[33m系统[0m] 进行一次提交检查...
2024-11-30 21:25:50 [INFO] 进行一次检查
2024-11-30 21:25:51 [INFO] 正在获取用户Xiao_Shuai_Ge的提交记录
2024-11-30 21:25:52 [INFO] 获取用户Xiao_Shuai_Ge的提交记录成功
2024-11-30 21:25:52 [INFO] 正在获取用户zhengjun0120的提交记录
2024-11-30 21:25:53 [INFO] 获取用户zhengjun0120的提交记录成功
2024-11-30 21:25:53 [INFO] 正在获取用户jhinih的提交记录
2024-11-30 21:25:53 [INFO] 获取用户jhinih的提交记录成功
2024-11-30 21:25:53 [DEBUG] 成功对发送一条个人消息: 
题目列表:
2024-11-30 21:25:53 [DEBUG] 成功对发送一条个人消息: [37;2m1. https://mirror.codeforces.com/problemset/problem/976/A (难度: 800)[32m [已解决][0m
2024-11-30 21:25:53 [DEBUG] 成功对发送一条个人消息: 2. https://mirror.codeforces.com/problemset/problem/1547/E (难度: 1500)
2024-11-30 21:25:53 [DEBUG] 成功对发送一条个人消息: 3. https://mirror.codeforces.com/problemset/problem/1598/A (难度: 800)
2024-11-30 21:25:53 [DEBUG] 成功对发送一条个人消息: 4. https://mirror.codeforces.com/problemset/problem/169/A (难度: 800)
2024-11-30 21:25:53 [DEBUG] 成功对发送一条个人消息: 5. https://mirror.codeforces.com/problemset/problem/1392/C (难度: 1200)
2024-11-30 21:25:53 [DEBUG] 成功对发送一条个人消息: [37;2m6. https://mirror.codeforces.com/problemset/problem/1837/B (难度: 900)[32m [已解决][0m
2024-11-30 21:25:53 [DEBUG] 成功对发送一条个人消息: 7. https://mirror.codeforces.com/problemset/problem/768/C (难度: 1800)
2024-11-30 21:25:53 [DEBUG] 成功对发送一条个人消息: 8. https://mirror.codeforces.com/problemset/problem/229/A (难度: 1500)
2024-11-30 21:25:53 [DEBUG] 成功对发送一条个人消息: 9. https://mirror.codeforces.com/problemset/problem/1301/A (难度: 800)
2024-11-30 21:25:53 [DEBUG] 成功对发送一条个人消息: 10. https://mirror.codeforces.com/problemset/problem/1977/B (难度: 1100)
2024-11-30 21:26:48 [DEBUG] 成功发送一条群发消息: [jhinih]:ee
2024-11-30 21:26:53 [DEBUG] 成功发送一条群发消息: [[33m系统[0m] 进行一次提交检查...
2024-11-30 21:26:53 [INFO] 进行一次检查
2024-11-30 21:26:54 [INFO] 正在获取用户Xiao_Shuai_Ge的提交记录
2024-11-30 21:26:55 [INFO] 获取用户Xiao_Shuai_Ge的提交记录成功
2024-11-30 21:26:55 [INFO] 正在获取用户zhengjun0120的提交记录
2024-11-30 21:26:56 [INFO] 获取用户zhengjun0120的提交记录成功
2024-11-30 21:26:56 [INFO] 正在获取用户jhinih的提交记录
2024-11-30 21:26:57 [INFO] 获取用户jhinih的提交记录成功
2024-11-30 21:26:57 [DEBUG] 成功发送一条群发消息: [[33m系统[0m] jhinih [31mWA了第 4 题！[0m
2024-11-30 21:27:06 [DEBUG] 成功发送一条群发消息: [zhengjun0120]:666
2024-11-30 21:27:15 [DEBUG] 成功发送一条群发消息: [[33m系统[0m] 进行一次提交检查...
2024-11-30 21:27:15 [INFO] 进行一次检查
2024-11-30 21:27:16 [INFO] 正在获取用户Xiao_Shuai_Ge的提交记录
2024-11-30 21:27:17 [INFO] 获取用户Xiao_Shuai_Ge的提交记录成功
2024-11-30 21:27:17 [INFO] 正在获取用户zhengjun0120的提交记录
2024-11-30 21:27:18 [INFO] 获取用户zhengjun0120的提交记录成功
2024-11-30 21:27:18 [INFO] 正在获取用户jhinih的提交记录
2024-11-30 21:27:19 [INFO] 获取用户jhinih的提交记录成功
2024-11-30 21:27:23 [DEBUG] 成功发送一条群发消息: [jhinih]:ee
2024-11-30 21:28:50 [DEBUG] 成功对发送一条个人消息: 
题目列表:
2024-11-30 21:28:50 [DEBUG] 成功对发送一条个人消息: [37;2m1. https://mirror.codeforces.com/problemset/problem/976/A (难度: 800)[32m [已解决][0m
2024-11-30 21:28:50 [DEBUG] 成功对发送一条个人消息: 2. https://mirror.codeforces.com/problemset/problem/1547/E (难度: 1500)
2024-11-30 21:28:50 [DEBUG] 成功对发送一条个人消息: 3. https://mirror.codeforces.com/problemset/problem/1598/A (难度: 800)
2024-11-30 21:28:50 [DEBUG] 成功对发送一条个人消息: 4. https://mirror.codeforces.com/problemset/problem/169/A (难度: 800)
2024-11-30 21:28:50 [DEBUG] 成功对发送一条个人消息: 5. https://mirror.codeforces.com/problemset/problem/1392/C (难度: 1200)
2024-11-30 21:28:50 [DEBUG] 成功对发送一条个人消息: [37;2m6. https://mirror.codeforces.com/problemset/problem/1837/B (难度: 900)[32m [已解决][0m
2024-11-30 21:28:50 [DEBUG] 成功对发送一条个人消息: 7. https://mirror.codeforces.com/problemset/problem/768/C (难度: 1800)
2024-11-30 21:28:50 [DEBUG] 成功对发送一条个人消息: 8. https://mirror.codeforces.com/problemset/problem/229/A (难度: 1500)
2024-11-30 21:28:50 [DEBUG] 成功对发送一条个人消息: 9. https://mirror.codeforces.com/problemset/problem/1301/A (难度: 800)
2024-11-30 21:28:50 [DEBUG] 成功对发送一条个人消息: 10. https://mirror.codeforces.com/problemset/problem/1977/B (难度: 1100)
2024-11-30 21:29:54 [DEBUG] 成功发送一条群发消息: [jhinih]:有中不良的预感
2024-11-30 21:30:15 [DEBUG] 成功发送一条群发消息: [[33m系统[0m] 进行一次提交检查...
2024-11-30 21:30:15 [INFO] 进行一次检查
2024-11-30 21:30:15 [INFO] 正在获取用户Xiao_Shuai_Ge的提交记录
2024-11-30 21:30:17 [INFO] 获取用户Xiao_Shuai_Ge的提交记录成功
2024-11-30 21:30:18 [INFO] 正在获取用户zhengjun0120的提交记录
2024-11-30 21:30:18 [INFO] 获取用户zhengjun0120的提交记录成功
2024-11-30 21:30:18 [INFO] 正在获取用户jhinih的提交记录
2024-11-30 21:30:19 [INFO] 获取用户jhinih的提交记录成功
