2024-11-30 17:59:26 [INFO] 数据库加载成功
2024-11-30 17:59:26 [INFO] ACM GAME 启动成功!
2024-11-30 17:59:26 [INFO] 目前版本: v2.0.0
2024-11-30 17:59:41 [INFO] 玩家 Xiao_Shuai_Ge 进入聊天室
2024-11-30 17:59:41 [DEBUG] 成功发送一条群发消息: [[33m系统[0m] Xiao_Shuai_Ge [33m进入聊天室[0m
2024-11-30 17:59:44 [DEBUG] 成功发送一条群发消息: 
    _    ___  __  __         ___    _    ___ __   __  __  __   ___   ___   ___ 
   /_\  / __||  \/  |  ___  | __|  /_\  / __|\ \ / / |  \/  | / _ \ |   \ | __|
  / _ \| (__ | |\/| | |___| | _|  / _ \ \__ \ \ V /  | |\/| || (_) || |) || _| 
 /_/ \_\\___||_|  |_|       |___|/_/ \_\|___/  |_|   |_|  |_| \___/ |___/ |___|

2024-11-30 17:59:44 [INFO] 游戏开始
2024-11-30 17:59:44 [DEBUG] 成功发送一条群发消息: [[33m系统[0m] 游戏开始!
2024-11-30 17:59:44 [DEBUG] 成功对发送一条个人消息: 
题目列表:
2024-11-30 17:59:44 [DEBUG] 成功对发送一条个人消息: 1. https://mirror.codeforces.com/problemset/problem/1669/A (难度: 800)
2024-11-30 17:59:44 [DEBUG] 成功对发送一条个人消息: 2. https://mirror.codeforces.com/problemset/problem/1089/L (难度: 900)
2024-11-30 17:59:44 [DEBUG] 成功对发送一条个人消息: 3. https://mirror.codeforces.com/problemset/problem/1634/C (难度: 1000)
2024-11-30 17:59:44 [DEBUG] 成功对发送一条个人消息: 4. https://mirror.codeforces.com/problemset/problem/1061/B (难度: 1400)
2024-11-30 17:59:44 [DEBUG] 成功对发送一条个人消息: 5. https://mirror.codeforces.com/problemset/problem/1312/A (难度: 800)
2024-11-30 17:59:44 [DEBUG] 成功对发送一条个人消息: 6. https://mirror.codeforces.com/problemset/problem/1260/C (难度: 1700)
2024-11-30 18:00:13 [INFO] 玩家 Xiao_Shuai_Ge 离开聊天室
2024-11-30 18:00:13 [DEBUG] 成功发送一条群发消息: [[33m系统[0m] Xiao_Shuai_Ge [33m离开聊天室[0m
