2024-11-30 20:46:16 [INFO] 数据库加载成功
2024-11-30 20:46:16 [INFO] ACM GAME 启动成功!
2024-11-30 20:46:16 [INFO] 目前版本: v2.0.0
2024-11-30 20:46:22 [INFO] 玩家 Xiao_Shuai_Ge 进入聊天室
2024-11-30 20:46:22 [DEBUG] 成功发送一条群发消息: [[33m系统[0m] Xiao_Shuai_Ge [33m进入聊天室[0m
2024-11-30 20:46:25 [DEBUG] 成功发送一条群发消息: 
    _    ___  __  __         _____  ___  ___  _____   __  __   ___   ___   ___ 
   /_\  / __||  \/  |  ___  |_   _|| __|/ __||_   _| |  \/  | / _ \ |   \ | __|
  / _ \| (__ | |\/| | |___|   | |  | _| \__ \  | |   | |\/| || (_) || |) || _| 
 /_/ \_\\___||_|  |_|         |_|  |___||___/  |_|   |_|  |_| \___/ |___/ |___|

2024-11-30 20:46:25 [INFO] 游戏开始
2024-11-30 20:46:25 [DEBUG] 成功发送一条群发消息: [[33m系统[0m] 游戏开始!
2024-11-30 20:46:25 [DEBUG] 成功对发送一条个人消息: 
题目列表:
2024-11-30 20:46:25 [DEBUG] 成功对发送一条个人消息: 1. https://mirror.codeforces.com/problemset/problem/1981/B (难度: 1300)
2024-11-30 20:46:30 [DEBUG] 成功对发送一条个人消息: [[33m系统[0m] 检查频率过快，请稍后再试！
2024-11-30 20:46:33 [DEBUG] 成功对发送一条个人消息: [[33m系统[0m] 检查频率过快，请稍后再试！
2024-11-30 20:46:35 [DEBUG] 成功发送一条群发消息: [[33m系统[0m] 游戏结束! 共解决题目: 0, 总罚时: 0
2024-11-30 20:46:38 [DEBUG] 成功对发送一条个人消息: [[33m系统[0m] 检查频率过快，请稍后再试！
2024-11-30 20:46:39 [DEBUG] 成功对发送一条个人消息: [[33m系统[0m] 检查频率过快，请稍后再试！
2024-11-30 20:46:42 [INFO] 玩家 Xiao_Shuai_Ge 离开聊天室
2024-11-30 20:46:42 [DEBUG] 成功发送一条群发消息: [[33m系统[0m] Xiao_Shuai_Ge [33m离开聊天室[0m
