2024-12-10 22:08:43 [INFO] 数据库加载成功
2024-12-10 22:08:43 [INFO] 解析更新日志成功
2024-12-10 22:08:43 [INFO] ACM GAME 启动成功!
2024-12-10 22:08:43 [INFO] 目前版本: v2.0.0
2024-12-10 22:09:13 [INFO] 玩家 Xiao_Shuai_Ge 进入聊天室
2024-12-10 22:11:03 [INFO] 游戏开始
2024-12-10 22:11:33 [INFO] 玩家 jhinih 进入聊天室
2024-12-10 22:14:03 [INFO] 进行一次检查
2024-12-10 22:14:03 [INFO] 正在获取用户Xiao_Shuai_Ge的提交记录
2024-12-10 22:14:04 [INFO] 获取用户Xiao_Shuai_Ge的提交记录成功
2024-12-10 22:14:04 [INFO] 正在获取用户jhinih的提交记录
2024-12-10 22:14:04 [INFO] 获取用户jhinih的提交记录成功
2024-12-10 22:17:03 [INFO] 进行一次检查
2024-12-10 22:17:03 [INFO] 正在获取用户Xiao_Shuai_Ge的提交记录
2024-12-10 22:17:05 [INFO] 获取用户Xiao_Shuai_Ge的提交记录成功
2024-12-10 22:17:05 [INFO] 正在获取用户jhinih的提交记录
2024-12-10 22:17:05 [INFO] 获取用户jhinih的提交记录成功
2024-12-10 22:20:03 [INFO] 进行一次检查
2024-12-10 22:20:03 [INFO] 正在获取用户Xiao_Shuai_Ge的提交记录
2024-12-10 22:20:04 [INFO] 获取用户Xiao_Shuai_Ge的提交记录成功
2024-12-10 22:20:04 [INFO] 正在获取用户jhinih的提交记录
2024-12-10 22:20:04 [INFO] 获取用户jhinih的提交记录成功
2024-12-10 22:22:18 [INFO] 玩家 TOR1SE123 进入聊天室
2024-12-10 22:23:03 [INFO] 进行一次检查
2024-12-10 22:23:03 [INFO] 正在获取用户Xiao_Shuai_Ge的提交记录
2024-12-10 22:23:04 [INFO] 获取用户Xiao_Shuai_Ge的提交记录成功
2024-12-10 22:23:04 [INFO] 正在获取用户jhinih的提交记录
2024-12-10 22:23:04 [INFO] 获取用户jhinih的提交记录成功
2024-12-10 22:23:04 [INFO] 正在获取用户TOR1SE123的提交记录
2024-12-10 22:23:05 [INFO] 获取用户TOR1SE123的提交记录成功
2024-12-10 22:26:03 [INFO] 进行一次检查
2024-12-10 22:26:03 [INFO] 正在获取用户Xiao_Shuai_Ge的提交记录
2024-12-10 22:26:04 [INFO] 获取用户Xiao_Shuai_Ge的提交记录成功
2024-12-10 22:26:04 [INFO] 正在获取用户jhinih的提交记录
2024-12-10 22:26:04 [INFO] 获取用户jhinih的提交记录成功
2024-12-10 22:26:04 [INFO] 正在获取用户TOR1SE123的提交记录
2024-12-10 22:26:05 [INFO] 获取用户TOR1SE123的提交记录成功
2024-12-10 22:29:03 [INFO] 进行一次检查
2024-12-10 22:29:03 [INFO] 正在获取用户TOR1SE123的提交记录
2024-12-10 22:29:04 [INFO] 获取用户TOR1SE123的提交记录成功
2024-12-10 22:29:04 [INFO] 正在获取用户Xiao_Shuai_Ge的提交记录
2024-12-10 22:29:04 [INFO] 获取用户Xiao_Shuai_Ge的提交记录成功
2024-12-10 22:29:04 [INFO] 正在获取用户jhinih的提交记录
2024-12-10 22:29:04 [INFO] 获取用户jhinih的提交记录成功
2024-12-10 22:32:03 [INFO] 进行一次检查
2024-12-10 22:32:03 [INFO] 正在获取用户Xiao_Shuai_Ge的提交记录
2024-12-10 22:32:04 [INFO] 获取用户Xiao_Shuai_Ge的提交记录成功
2024-12-10 22:32:05 [INFO] 正在获取用户jhinih的提交记录
2024-12-10 22:32:05 [INFO] 获取用户jhinih的提交记录成功
2024-12-10 22:32:05 [INFO] 正在获取用户TOR1SE123的提交记录
2024-12-10 22:32:05 [INFO] 获取用户TOR1SE123的提交记录成功
2024-12-10 22:35:03 [INFO] 进行一次检查
2024-12-10 22:35:03 [INFO] 正在获取用户Xiao_Shuai_Ge的提交记录
2024-12-10 22:35:04 [INFO] 获取用户Xiao_Shuai_Ge的提交记录成功
2024-12-10 22:35:04 [INFO] 正在获取用户jhinih的提交记录
2024-12-10 22:35:05 [INFO] 获取用户jhinih的提交记录成功
2024-12-10 22:35:05 [INFO] 正在获取用户TOR1SE123的提交记录
2024-12-10 22:35:05 [INFO] 获取用户TOR1SE123的提交记录成功
2024-12-10 22:38:03 [INFO] 进行一次检查
2024-12-10 22:38:03 [INFO] 正在获取用户Xiao_Shuai_Ge的提交记录
2024-12-10 22:38:04 [INFO] 获取用户Xiao_Shuai_Ge的提交记录成功
2024-12-10 22:38:04 [INFO] 正在获取用户jhinih的提交记录
2024-12-10 22:38:05 [INFO] 获取用户jhinih的提交记录成功
2024-12-10 22:38:05 [INFO] 正在获取用户TOR1SE123的提交记录
2024-12-10 22:38:05 [INFO] 获取用户TOR1SE123的提交记录成功
2024-12-10 22:41:03 [INFO] 进行一次检查
2024-12-10 22:41:03 [INFO] 正在获取用户Xiao_Shuai_Ge的提交记录
2024-12-10 22:41:04 [INFO] 获取用户Xiao_Shuai_Ge的提交记录成功
2024-12-10 22:41:04 [INFO] 正在获取用户jhinih的提交记录
2024-12-10 22:41:04 [INFO] 获取用户jhinih的提交记录成功
2024-12-10 22:41:04 [INFO] 正在获取用户TOR1SE123的提交记录
2024-12-10 22:41:04 [INFO] 获取用户TOR1SE123的提交记录成功
2024-12-10 22:44:03 [INFO] 进行一次检查
2024-12-10 22:44:03 [INFO] 正在获取用户Xiao_Shuai_Ge的提交记录
2024-12-10 22:44:05 [INFO] 获取用户Xiao_Shuai_Ge的提交记录成功
2024-12-10 22:44:05 [INFO] 正在获取用户jhinih的提交记录
2024-12-10 22:44:05 [INFO] 获取用户jhinih的提交记录成功
2024-12-10 22:44:05 [INFO] 正在获取用户TOR1SE123的提交记录
2024-12-10 22:44:06 [INFO] 获取用户TOR1SE123的提交记录成功
2024-12-10 22:47:03 [INFO] 进行一次检查
2024-12-10 22:47:03 [INFO] 正在获取用户Xiao_Shuai_Ge的提交记录
2024-12-10 22:47:04 [INFO] 获取用户Xiao_Shuai_Ge的提交记录成功
2024-12-10 22:47:04 [INFO] 正在获取用户jhinih的提交记录
2024-12-10 22:47:05 [INFO] 获取用户jhinih的提交记录成功
2024-12-10 22:47:05 [INFO] 正在获取用户TOR1SE123的提交记录
2024-12-10 22:47:05 [INFO] 获取用户TOR1SE123的提交记录成功
2024-12-10 22:50:03 [INFO] 进行一次检查
2024-12-10 22:50:03 [INFO] 正在获取用户Xiao_Shuai_Ge的提交记录
2024-12-10 22:50:04 [INFO] 获取用户Xiao_Shuai_Ge的提交记录成功
2024-12-10 22:50:04 [INFO] 正在获取用户jhinih的提交记录
2024-12-10 22:50:04 [INFO] 获取用户jhinih的提交记录成功
2024-12-10 22:50:04 [INFO] 正在获取用户TOR1SE123的提交记录
2024-12-10 22:50:04 [INFO] 获取用户TOR1SE123的提交记录成功
2024-12-10 22:53:03 [INFO] 进行一次检查
2024-12-10 22:53:03 [INFO] 正在获取用户Xiao_Shuai_Ge的提交记录
2024-12-10 22:53:03 [INFO] 获取用户Xiao_Shuai_Ge的提交记录成功
2024-12-10 22:53:03 [INFO] 正在获取用户jhinih的提交记录
2024-12-10 22:53:04 [INFO] 获取用户jhinih的提交记录成功
2024-12-10 22:53:04 [INFO] 正在获取用户TOR1SE123的提交记录
2024-12-10 22:53:04 [INFO] 获取用户TOR1SE123的提交记录成功
2024-12-10 22:56:03 [INFO] 进行一次检查
2024-12-10 22:56:03 [INFO] 正在获取用户Xiao_Shuai_Ge的提交记录
2024-12-10 22:56:04 [INFO] 获取用户Xiao_Shuai_Ge的提交记录成功
2024-12-10 22:56:04 [INFO] 正在获取用户jhinih的提交记录
2024-12-10 22:56:04 [INFO] 获取用户jhinih的提交记录成功
2024-12-10 22:56:04 [INFO] 正在获取用户TOR1SE123的提交记录
2024-12-10 22:56:04 [INFO] 获取用户TOR1SE123的提交记录成功
2024-12-10 22:58:38 [INFO] 玩家 jhinih 离开聊天室
2024-12-10 22:59:03 [INFO] 进行一次检查
2024-12-10 22:59:03 [INFO] 正在获取用户Xiao_Shuai_Ge的提交记录
2024-12-10 22:59:04 [INFO] 获取用户Xiao_Shuai_Ge的提交记录成功
2024-12-10 22:59:04 [INFO] 正在获取用户TOR1SE123的提交记录
2024-12-10 22:59:04 [INFO] 获取用户TOR1SE123的提交记录成功
2024-12-10 23:02:03 [INFO] 进行一次检查
2024-12-10 23:02:03 [INFO] 正在获取用户TOR1SE123的提交记录
2024-12-10 23:02:05 [INFO] 获取用户TOR1SE123的提交记录成功
2024-12-10 23:02:05 [INFO] 正在获取用户Xiao_Shuai_Ge的提交记录
2024-12-10 23:02:05 [INFO] 获取用户Xiao_Shuai_Ge的提交记录成功
2024-12-10 23:05:03 [INFO] 进行一次检查
2024-12-10 23:05:03 [INFO] 正在获取用户Xiao_Shuai_Ge的提交记录
2024-12-10 23:05:05 [INFO] 获取用户Xiao_Shuai_Ge的提交记录成功
2024-12-10 23:05:05 [INFO] 正在获取用户TOR1SE123的提交记录
2024-12-10 23:05:05 [INFO] 获取用户TOR1SE123的提交记录成功
2024-12-10 23:08:03 [INFO] 进行一次检查
2024-12-10 23:08:03 [INFO] 正在获取用户Xiao_Shuai_Ge的提交记录
2024-12-10 23:08:04 [INFO] 获取用户Xiao_Shuai_Ge的提交记录成功
2024-12-10 23:08:04 [INFO] 正在获取用户TOR1SE123的提交记录
2024-12-10 23:08:04 [INFO] 获取用户TOR1SE123的提交记录成功
2024-12-10 23:08:24 [INFO] 进行一次检查
2024-12-10 23:08:25 [INFO] 正在获取用户TOR1SE123的提交记录
2024-12-10 23:08:25 [INFO] 获取用户TOR1SE123的提交记录成功
2024-12-10 23:08:25 [INFO] 正在获取用户Xiao_Shuai_Ge的提交记录
2024-12-10 23:08:26 [INFO] 获取用户Xiao_Shuai_Ge的提交记录成功
2024-12-10 23:09:59 [INFO] 玩家 Xiao_Shuai_Ge 离开聊天室
2024-12-10 23:11:24 [INFO] 进行一次检查
2024-12-10 23:11:24 [INFO] 正在获取用户TOR1SE123的提交记录
2024-12-10 23:11:24 [INFO] 获取用户TOR1SE123的提交记录成功
2024-12-10 23:13:14 [INFO] 玩家 3 进入聊天室
2024-12-10 23:14:24 [INFO] 进行一次检查
2024-12-10 23:14:24 [INFO] 正在获取用户3的提交记录
2024-12-10 23:14:25 [INFO] 获取用户3的提交记录成功
2024-12-10 23:14:25 [INFO] 正在获取用户TOR1SE123的提交记录
2024-12-10 23:14:25 [INFO] 获取用户TOR1SE123的提交记录成功
2024-12-10 23:16:16 [INFO] 玩家 qq2462155058 进入聊天室
2024-12-10 23:17:24 [INFO] 进行一次检查
2024-12-10 23:17:24 [INFO] 正在获取用户qq2462155058的提交记录
2024-12-10 23:17:35 [INFO] 玩家 Xiao_Shuai_Ge 进入聊天室
2024-12-10 23:17:36 [INFO] 获取用户qq2462155058的提交记录成功
2024-12-10 23:17:36 [INFO] 正在获取用户TOR1SE123的提交记录
2024-12-10 23:17:37 [INFO] 获取用户TOR1SE123的提交记录成功
2024-12-10 23:17:37 [INFO] 正在获取用户Xiao_Shuai_Ge的提交记录
2024-12-10 23:17:38 [INFO] 获取用户Xiao_Shuai_Ge的提交记录成功
2024-12-10 23:17:38 [INFO] 正在获取用户3的提交记录
2024-12-10 23:17:38 [INFO] 获取用户3的提交记录成功
2024-12-10 23:20:24 [INFO] 进行一次检查
2024-12-10 23:20:24 [INFO] 正在获取用户3的提交记录
2024-12-10 23:20:26 [INFO] 获取用户3的提交记录成功
2024-12-10 23:20:26 [INFO] 正在获取用户qq2462155058的提交记录
2024-12-10 23:20:26 [INFO] 获取用户qq2462155058的提交记录成功
2024-12-10 23:20:26 [INFO] 正在获取用户TOR1SE123的提交记录
2024-12-10 23:20:27 [INFO] 获取用户TOR1SE123的提交记录成功
2024-12-10 23:20:27 [INFO] 正在获取用户Xiao_Shuai_Ge的提交记录
2024-12-10 23:20:27 [INFO] 获取用户Xiao_Shuai_Ge的提交记录成功
2024-12-10 23:21:23 [INFO] 玩家 simplyjoke 进入聊天室
2024-12-10 23:21:35 [INFO] 进行一次检查
2024-12-10 23:21:36 [INFO] 正在获取用户3的提交记录
2024-12-10 23:21:37 [INFO] 获取用户3的提交记录成功
2024-12-10 23:21:37 [INFO] 正在获取用户qq2462155058的提交记录
2024-12-10 23:21:37 [INFO] 获取用户qq2462155058的提交记录成功
2024-12-10 23:21:37 [INFO] 正在获取用户TOR1SE123的提交记录
2024-12-10 23:21:37 [INFO] 获取用户TOR1SE123的提交记录成功
2024-12-10 23:21:37 [INFO] 正在获取用户Xiao_Shuai_Ge的提交记录
2024-12-10 23:21:38 [INFO] 获取用户Xiao_Shuai_Ge的提交记录成功
2024-12-10 23:21:38 [INFO] 正在获取用户simplyjoke的提交记录
2024-12-10 23:21:38 [INFO] 获取用户simplyjoke的提交记录成功
2024-12-10 23:24:35 [INFO] 进行一次检查
2024-12-10 23:24:35 [INFO] 正在获取用户3的提交记录
2024-12-10 23:24:37 [INFO] 获取用户3的提交记录成功
2024-12-10 23:24:37 [INFO] 正在获取用户qq2462155058的提交记录
2024-12-10 23:24:37 [INFO] 获取用户qq2462155058的提交记录成功
2024-12-10 23:24:37 [INFO] 正在获取用户TOR1SE123的提交记录
2024-12-10 23:24:37 [INFO] 获取用户TOR1SE123的提交记录成功
2024-12-10 23:24:37 [INFO] 正在获取用户Xiao_Shuai_Ge的提交记录
2024-12-10 23:24:38 [INFO] 获取用户Xiao_Shuai_Ge的提交记录成功
2024-12-10 23:24:38 [INFO] 正在获取用户simplyjoke的提交记录
2024-12-10 23:24:38 [INFO] 获取用户simplyjoke的提交记录成功
2024-12-10 23:27:35 [INFO] 进行一次检查
2024-12-10 23:27:35 [INFO] 正在获取用户TOR1SE123的提交记录
2024-12-10 23:27:35 [INFO] 获取用户TOR1SE123的提交记录成功
2024-12-10 23:27:36 [INFO] 正在获取用户Xiao_Shuai_Ge的提交记录
2024-12-10 23:27:36 [INFO] 获取用户Xiao_Shuai_Ge的提交记录成功
2024-12-10 23:27:36 [INFO] 正在获取用户simplyjoke的提交记录
2024-12-10 23:27:36 [INFO] 获取用户simplyjoke的提交记录成功
2024-12-10 23:27:36 [INFO] 正在获取用户3的提交记录
2024-12-10 23:27:37 [INFO] 获取用户3的提交记录成功
2024-12-10 23:27:37 [INFO] 正在获取用户qq2462155058的提交记录
2024-12-10 23:27:37 [INFO] 获取用户qq2462155058的提交记录成功
2024-12-10 23:30:35 [INFO] 进行一次检查
2024-12-10 23:30:35 [INFO] 正在获取用户3的提交记录
2024-12-10 23:30:36 [INFO] 获取用户3的提交记录成功
2024-12-10 23:30:36 [INFO] 正在获取用户qq2462155058的提交记录
2024-12-10 23:30:36 [INFO] 获取用户qq2462155058的提交记录成功
2024-12-10 23:30:36 [INFO] 正在获取用户TOR1SE123的提交记录
2024-12-10 23:30:37 [INFO] 获取用户TOR1SE123的提交记录成功
2024-12-10 23:30:37 [INFO] 正在获取用户Xiao_Shuai_Ge的提交记录
2024-12-10 23:30:37 [INFO] 获取用户Xiao_Shuai_Ge的提交记录成功
2024-12-10 23:30:37 [INFO] 正在获取用户simplyjoke的提交记录
2024-12-10 23:30:37 [INFO] 获取用户simplyjoke的提交记录成功
2024-12-10 23:33:35 [INFO] 进行一次检查
2024-12-10 23:33:35 [INFO] 正在获取用户3的提交记录
2024-12-10 23:33:37 [INFO] 获取用户3的提交记录成功
2024-12-10 23:33:37 [INFO] 正在获取用户qq2462155058的提交记录
2024-12-10 23:33:37 [INFO] 获取用户qq2462155058的提交记录成功
2024-12-10 23:33:37 [INFO] 正在获取用户TOR1SE123的提交记录
2024-12-10 23:33:37 [INFO] 获取用户TOR1SE123的提交记录成功
2024-12-10 23:33:37 [INFO] 正在获取用户Xiao_Shuai_Ge的提交记录
2024-12-10 23:33:37 [INFO] 获取用户Xiao_Shuai_Ge的提交记录成功
2024-12-10 23:33:37 [INFO] 正在获取用户simplyjoke的提交记录
2024-12-10 23:33:38 [INFO] 获取用户simplyjoke的提交记录成功
2024-12-10 23:36:35 [INFO] 进行一次检查
2024-12-10 23:36:35 [INFO] 正在获取用户3的提交记录
2024-12-10 23:36:36 [INFO] 获取用户3的提交记录成功
2024-12-10 23:36:36 [INFO] 正在获取用户qq2462155058的提交记录
2024-12-10 23:36:37 [INFO] 获取用户qq2462155058的提交记录成功
2024-12-10 23:36:37 [INFO] 正在获取用户TOR1SE123的提交记录
2024-12-10 23:36:37 [INFO] 获取用户TOR1SE123的提交记录成功
2024-12-10 23:36:37 [INFO] 正在获取用户Xiao_Shuai_Ge的提交记录
2024-12-10 23:36:37 [INFO] 获取用户Xiao_Shuai_Ge的提交记录成功
2024-12-10 23:36:37 [INFO] 正在获取用户simplyjoke的提交记录
2024-12-10 23:36:37 [INFO] 获取用户simplyjoke的提交记录成功
2024-12-10 23:39:35 [INFO] 进行一次检查
2024-12-10 23:39:35 [INFO] 正在获取用户3的提交记录
2024-12-10 23:39:36 [INFO] 获取用户3的提交记录成功
2024-12-10 23:39:36 [INFO] 正在获取用户qq2462155058的提交记录
2024-12-10 23:39:37 [INFO] 获取用户qq2462155058的提交记录成功
2024-12-10 23:39:37 [INFO] 正在获取用户TOR1SE123的提交记录
2024-12-10 23:39:37 [INFO] 获取用户TOR1SE123的提交记录成功
2024-12-10 23:39:37 [INFO] 正在获取用户Xiao_Shuai_Ge的提交记录
2024-12-10 23:39:37 [INFO] 获取用户Xiao_Shuai_Ge的提交记录成功
2024-12-10 23:39:37 [INFO] 正在获取用户simplyjoke的提交记录
2024-12-10 23:39:38 [INFO] 获取用户simplyjoke的提交记录成功
2024-12-10 23:42:32 [INFO] 进行一次检查
2024-12-10 23:42:32 [INFO] 正在获取用户3的提交记录
2024-12-10 23:42:34 [INFO] 获取用户3的提交记录成功
2024-12-10 23:42:34 [INFO] 正在获取用户qq2462155058的提交记录
2024-12-10 23:42:34 [INFO] 获取用户qq2462155058的提交记录成功
2024-12-10 23:42:34 [INFO] 正在获取用户TOR1SE123的提交记录
2024-12-10 23:42:34 [INFO] 获取用户TOR1SE123的提交记录成功
2024-12-10 23:42:34 [INFO] 正在获取用户Xiao_Shuai_Ge的提交记录
2024-12-10 23:42:34 [INFO] 获取用户Xiao_Shuai_Ge的提交记录成功
2024-12-10 23:42:34 [INFO] 正在获取用户simplyjoke的提交记录
2024-12-10 23:42:35 [INFO] 获取用户simplyjoke的提交记录成功
2024-12-10 23:45:32 [INFO] 进行一次检查
2024-12-10 23:45:32 [INFO] 正在获取用户3的提交记录
2024-12-10 23:45:33 [INFO] 获取用户3的提交记录成功
2024-12-10 23:45:33 [INFO] 正在获取用户qq2462155058的提交记录
2024-12-10 23:45:33 [INFO] 获取用户qq2462155058的提交记录成功
2024-12-10 23:45:33 [INFO] 正在获取用户TOR1SE123的提交记录
2024-12-10 23:45:33 [INFO] 获取用户TOR1SE123的提交记录成功
2024-12-10 23:45:33 [INFO] 正在获取用户Xiao_Shuai_Ge的提交记录
2024-12-10 23:45:34 [INFO] 获取用户Xiao_Shuai_Ge的提交记录成功
2024-12-10 23:45:34 [INFO] 正在获取用户simplyjoke的提交记录
2024-12-10 23:45:34 [INFO] 获取用户simplyjoke的提交记录成功
2024-12-10 23:47:11 [INFO] 进行一次检查
2024-12-10 23:47:12 [INFO] 正在获取用户3的提交记录
2024-12-10 23:47:13 [INFO] 获取用户3的提交记录成功
2024-12-10 23:47:13 [INFO] 正在获取用户qq2462155058的提交记录
2024-12-10 23:47:14 [INFO] 获取用户qq2462155058的提交记录成功
2024-12-10 23:47:14 [INFO] 正在获取用户TOR1SE123的提交记录
2024-12-10 23:47:14 [INFO] 获取用户TOR1SE123的提交记录成功
2024-12-10 23:47:14 [INFO] 正在获取用户Xiao_Shuai_Ge的提交记录
2024-12-10 23:47:14 [INFO] 获取用户Xiao_Shuai_Ge的提交记录成功
2024-12-10 23:47:14 [INFO] 正在获取用户simplyjoke的提交记录
2024-12-10 23:47:15 [INFO] 获取用户simplyjoke的提交记录成功
2024-12-10 23:49:37 [INFO] 玩家 3 离开聊天室
2024-12-10 23:49:37 [INFO] 玩家 TOR1SE123 离开聊天室
2024-12-10 23:50:11 [INFO] 进行一次检查
2024-12-10 23:50:11 [INFO] 正在获取用户simplyjoke的提交记录
2024-12-10 23:50:12 [INFO] 获取用户simplyjoke的提交记录成功
2024-12-10 23:50:12 [INFO] 正在获取用户qq2462155058的提交记录
2024-12-10 23:50:12 [INFO] 获取用户qq2462155058的提交记录成功
2024-12-10 23:50:12 [INFO] 正在获取用户Xiao_Shuai_Ge的提交记录
2024-12-10 23:50:13 [INFO] 获取用户Xiao_Shuai_Ge的提交记录成功
2024-12-10 23:54:01 [INFO] 玩家 Xiao_Shuai_Ge 离开聊天室
