2024-12-02 16:10:14 [INFO] 数据库加载成功
2024-12-02 16:10:14 [INFO] ACM GAME 启动成功!
2024-12-02 16:10:14 [INFO] 目前版本: v2.0.0
2024-12-02 16:10:26 [DEBUG] 成功发送一条群发消息: 
    _    ___  __  __         ___    _    ___ __   __  __  __   ___   ___   ___ 
   /_\  / __||  \/  |  ___  | __|  /_\  / __|\ \ / / |  \/  | / _ \ |   \ | __|
  / _ \| (__ | |\/| | |___| | _|  / _ \ \__ \ \ V /  | |\/| || (_) || |) || _| 
 /_/ \_\\___||_|  |_|       |___|/_/ \_\|___/  |_|   |_|  |_| \___/ |___/ |___|

2024-12-02 16:10:26 [INFO] 游戏开始
2024-12-02 16:10:26 [DEBUG] 成功发送一条群发消息: [[33m系统[0m] 游戏开始!
2024-12-02 16:11:12 [INFO] 玩家 Xiao_Shuai_Ge 进入聊天室
2024-12-02 16:11:12 [DEBUG] 成功发送一条群发消息: [[33m系统[0m] Xiao_Shuai_Ge [33m进入聊天室[0m
2024-12-02 16:11:15 [DEBUG] 成功对发送一条个人消息: 
题目列表:
2024-12-02 16:11:15 [DEBUG] 成功对发送一条个人消息: 1. https://mirror.codeforces.com/problemset/problem/1765/N (难度: 1500)
2024-12-02 16:11:15 [DEBUG] 成功对发送一条个人消息: 2. https://mirror.codeforces.com/problemset/problem/1935/A (难度: 800)
2024-12-02 16:11:15 [DEBUG] 成功对发送一条个人消息: 3. https://mirror.codeforces.com/problemset/problem/1102/D (难度: 1500)
2024-12-02 16:11:15 [DEBUG] 成功对发送一条个人消息: 4. https://mirror.codeforces.com/problemset/problem/387/A (难度: 900)
2024-12-02 16:11:15 [DEBUG] 成功对发送一条个人消息: 5. https://mirror.codeforces.com/problemset/problem/1797/B (难度: 1100)
2024-12-02 16:11:15 [DEBUG] 成功对发送一条个人消息: 6. https://mirror.codeforces.com/problemset/problem/1886/A (难度: 800)
2024-12-02 16:13:26 [DEBUG] 成功发送一条群发消息: [[33m系统[0m] 进行一次提交检查...
2024-12-02 16:13:26 [INFO] 进行一次检查
2024-12-02 16:13:26 [INFO] 正在获取用户Xiao_Shuai_Ge的提交记录
2024-12-02 16:13:27 [INFO] 获取用户Xiao_Shuai_Ge的提交记录成功
2024-12-02 16:16:26 [DEBUG] 成功发送一条群发消息: [[33m系统[0m] 进行一次提交检查...
2024-12-02 16:16:26 [INFO] 进行一次检查
2024-12-02 16:16:26 [INFO] 正在获取用户Xiao_Shuai_Ge的提交记录
2024-12-02 16:16:32 [INFO] 获取用户Xiao_Shuai_Ge的提交记录成功
2024-12-02 16:19:26 [DEBUG] 成功发送一条群发消息: [[33m系统[0m] 进行一次提交检查...
2024-12-02 16:19:26 [INFO] 进行一次检查
2024-12-02 16:19:26 [INFO] 正在获取用户Xiao_Shuai_Ge的提交记录
2024-12-02 16:19:43 [INFO] 获取用户Xiao_Shuai_Ge的提交记录成功
2024-12-02 16:22:26 [DEBUG] 成功发送一条群发消息: [[33m系统[0m] 进行一次提交检查...
2024-12-02 16:22:26 [INFO] 进行一次检查
2024-12-02 16:22:26 [INFO] 正在获取用户Xiao_Shuai_Ge的提交记录
2024-12-02 16:22:42 [INFO] 获取用户Xiao_Shuai_Ge的提交记录成功
2024-12-02 16:22:42 [DEBUG] 成功发送一条群发消息: [[33m系统[0m] Xiao_Shuai_Ge [32mAC了第 6 题！(罚时: 12 )[0m
2024-12-02 16:25:26 [DEBUG] 成功发送一条群发消息: [[33m系统[0m] 进行一次提交检查...
2024-12-02 16:25:26 [INFO] 进行一次检查
2024-12-02 16:25:26 [INFO] 正在获取用户Xiao_Shuai_Ge的提交记录
2024-12-02 16:25:36 [INFO] 获取用户Xiao_Shuai_Ge的提交记录成功
2024-12-02 16:25:36 [DEBUG] 成功发送一条群发消息: [[33m系统[0m] Xiao_Shuai_Ge [32mAC了第 2 题！(罚时: 15 )[0m
2024-12-02 16:28:26 [DEBUG] 成功发送一条群发消息: [[33m系统[0m] 进行一次提交检查...
2024-12-02 16:28:26 [INFO] 进行一次检查
2024-12-02 16:28:26 [INFO] 正在获取用户Xiao_Shuai_Ge的提交记录
2024-12-02 16:28:29 [INFO] 获取用户Xiao_Shuai_Ge的提交记录成功
2024-12-02 16:28:29 [DEBUG] 成功发送一条群发消息: [[33m系统[0m] Xiao_Shuai_Ge [32mAC了第 4 题！(罚时: 18 )[0m
2024-12-02 16:31:26 [DEBUG] 成功发送一条群发消息: [[33m系统[0m] 进行一次提交检查...
2024-12-02 16:31:26 [INFO] 进行一次检查
2024-12-02 16:31:26 [INFO] 正在获取用户Xiao_Shuai_Ge的提交记录
2024-12-02 16:31:27 [INFO] 获取用户Xiao_Shuai_Ge的提交记录成功
2024-12-02 16:34:26 [DEBUG] 成功发送一条群发消息: [[33m系统[0m] 进行一次提交检查...
2024-12-02 16:34:26 [INFO] 进行一次检查
2024-12-02 16:34:26 [INFO] 正在获取用户Xiao_Shuai_Ge的提交记录
2024-12-02 16:34:27 [INFO] 获取用户Xiao_Shuai_Ge的提交记录成功
2024-12-02 16:37:26 [DEBUG] 成功发送一条群发消息: [[33m系统[0m] 进行一次提交检查...
2024-12-02 16:37:26 [INFO] 进行一次检查
2024-12-02 16:37:26 [INFO] 正在获取用户Xiao_Shuai_Ge的提交记录
2024-12-02 16:37:27 [INFO] 获取用户Xiao_Shuai_Ge的提交记录成功
2024-12-02 16:40:26 [DEBUG] 成功发送一条群发消息: [[33m系统[0m] 进行一次提交检查...
2024-12-02 16:40:26 [INFO] 进行一次检查
2024-12-02 16:40:26 [INFO] 正在获取用户Xiao_Shuai_Ge的提交记录
2024-12-02 16:40:27 [INFO] 获取用户Xiao_Shuai_Ge的提交记录成功
2024-12-02 16:40:27 [DEBUG] 成功发送一条群发消息: [[33m系统[0m] Xiao_Shuai_Ge [31mWA了第 5 题！[0m
2024-12-02 16:43:18 [DEBUG] 成功发送一条群发消息: [Xiao_Shuai_Ge]:不准检查
2024-12-02 16:43:20 [DEBUG] 成功发送一条群发消息: [Xiao_Shuai_Ge]:听到没有
2024-12-02 16:43:26 [DEBUG] 成功发送一条群发消息: [[33m系统[0m] 进行一次提交检查...
2024-12-02 16:43:26 [INFO] 进行一次检查
2024-12-02 16:43:26 [INFO] 正在获取用户Xiao_Shuai_Ge的提交记录
2024-12-02 16:43:27 [INFO] 获取用户Xiao_Shuai_Ge的提交记录成功
2024-12-02 16:43:27 [DEBUG] 成功发送一条群发消息: [[33m系统[0m] Xiao_Shuai_Ge [31mWA了第 5 题！[0m
2024-12-02 16:44:05 [DEBUG] 成功发送一条群发消息: [[33m系统[0m] 进行一次提交检查...
2024-12-02 16:44:05 [INFO] 进行一次检查
2024-12-02 16:44:06 [INFO] 正在获取用户Xiao_Shuai_Ge的提交记录
2024-12-02 16:44:11 [INFO] 获取用户Xiao_Shuai_Ge的提交记录成功
2024-12-02 16:44:11 [DEBUG] 成功发送一条群发消息: [[33m系统[0m] Xiao_Shuai_Ge [31mWA了第 5 题！[0m
2024-12-02 16:44:28 [DEBUG] 成功发送一条群发消息: [[33m系统[0m] 进行一次提交检查...
2024-12-02 16:44:28 [INFO] 进行一次检查
2024-12-02 16:44:28 [INFO] 正在获取用户Xiao_Shuai_Ge的提交记录
2024-12-02 16:44:28 [INFO] 获取用户Xiao_Shuai_Ge的提交记录成功
2024-12-02 16:44:41 [DEBUG] 成功对发送一条个人消息: [[33m系统[0m] 检查频率过快，请稍后再试！
2024-12-02 16:45:29 [DEBUG] 成功发送一条群发消息: [[33m系统[0m] 进行一次提交检查...
2024-12-02 16:45:29 [INFO] 进行一次检查
2024-12-02 16:45:29 [INFO] 正在获取用户Xiao_Shuai_Ge的提交记录
2024-12-02 16:45:31 [INFO] 获取用户Xiao_Shuai_Ge的提交记录成功
2024-12-02 16:45:31 [DEBUG] 成功发送一条群发消息: [[33m系统[0m] Xiao_Shuai_Ge [32mAC了第 5 题！(罚时: 55 )[0m
2024-12-02 16:48:29 [DEBUG] 成功发送一条群发消息: [[33m系统[0m] 进行一次提交检查...
2024-12-02 16:48:29 [INFO] 进行一次检查
2024-12-02 16:48:29 [INFO] 正在获取用户Xiao_Shuai_Ge的提交记录
2024-12-02 16:48:51 [ERROR] 发送请求失败: Get "https://mirror.codeforces.com/submissions/Xiao_Shuai_Ge": dial tcp 213.248.110.126:443: connectex: A connection attempt failed because the connected party did not properly respond after a period of time, or established connection failed because connected host has failed to respond.
2024-12-02 16:51:29 [DEBUG] 成功发送一条群发消息: [[33m系统[0m] 进行一次提交检查...
2024-12-02 16:51:29 [INFO] 进行一次检查
2024-12-02 16:51:29 [INFO] 正在获取用户Xiao_Shuai_Ge的提交记录
2024-12-02 16:51:30 [INFO] 获取用户Xiao_Shuai_Ge的提交记录成功
2024-12-02 16:54:29 [DEBUG] 成功发送一条群发消息: [[33m系统[0m] 进行一次提交检查...
2024-12-02 16:54:29 [INFO] 进行一次检查
2024-12-02 16:54:29 [INFO] 正在获取用户Xiao_Shuai_Ge的提交记录
2024-12-02 16:54:30 [INFO] 获取用户Xiao_Shuai_Ge的提交记录成功
2024-12-02 16:55:19 [DEBUG] 成功发送一条群发消息: [[33m系统[0m] 进行一次提交检查...
2024-12-02 16:55:19 [INFO] 进行一次检查
2024-12-02 16:55:19 [INFO] 正在获取用户Xiao_Shuai_Ge的提交记录
2024-12-02 16:55:19 [INFO] 获取用户Xiao_Shuai_Ge的提交记录成功
2024-12-02 16:56:42 [DEBUG] 成功发送一条群发消息: [[33m系统[0m] 进行一次提交检查...
2024-12-02 16:56:42 [INFO] 进行一次检查
2024-12-02 16:56:43 [INFO] 正在获取用户Xiao_Shuai_Ge的提交记录
2024-12-02 16:56:44 [INFO] 获取用户Xiao_Shuai_Ge的提交记录成功
2024-12-02 16:56:44 [DEBUG] 成功发送一条群发消息: [[33m系统[0m] Xiao_Shuai_Ge [32mAC了第 3 题！(罚时: 46 )[0m
2024-12-02 16:56:48 [DEBUG] 成功对发送一条个人消息: 
题目列表:
2024-12-02 16:56:48 [DEBUG] 成功对发送一条个人消息: 1. https://mirror.codeforces.com/problemset/problem/1765/N (难度: 1500)
2024-12-02 16:56:48 [DEBUG] 成功对发送一条个人消息: [37;2m2. https://mirror.codeforces.com/problemset/problem/1935/A (难度: 800)[32m [已解决][0m
2024-12-02 16:56:48 [DEBUG] 成功对发送一条个人消息: [37;2m3. https://mirror.codeforces.com/problemset/problem/1102/D (难度: 1500)[32m [已解决][0m
2024-12-02 16:56:48 [DEBUG] 成功对发送一条个人消息: [37;2m4. https://mirror.codeforces.com/problemset/problem/387/A (难度: 900)[32m [已解决][0m
2024-12-02 16:56:48 [DEBUG] 成功对发送一条个人消息: [37;2m5. https://mirror.codeforces.com/problemset/problem/1797/B (难度: 1100)[32m [已解决][0m
2024-12-02 16:56:48 [DEBUG] 成功对发送一条个人消息: [37;2m6. https://mirror.codeforces.com/problemset/problem/1886/A (难度: 800)[32m [已解决][0m
2024-12-02 16:59:42 [DEBUG] 成功发送一条群发消息: [[33m系统[0m] 进行一次提交检查...
2024-12-02 16:59:42 [INFO] 进行一次检查
2024-12-02 16:59:42 [INFO] 正在获取用户Xiao_Shuai_Ge的提交记录
2024-12-02 16:59:43 [INFO] 获取用户Xiao_Shuai_Ge的提交记录成功
2024-12-02 17:02:42 [DEBUG] 成功发送一条群发消息: [[33m系统[0m] 进行一次提交检查...
2024-12-02 17:02:42 [INFO] 进行一次检查
2024-12-02 17:02:42 [INFO] 正在获取用户Xiao_Shuai_Ge的提交记录
2024-12-02 17:02:58 [INFO] 获取用户Xiao_Shuai_Ge的提交记录成功
2024-12-02 17:05:42 [DEBUG] 成功发送一条群发消息: [[33m系统[0m] 进行一次提交检查...
2024-12-02 17:05:42 [INFO] 进行一次检查
2024-12-02 17:05:42 [INFO] 正在获取用户Xiao_Shuai_Ge的提交记录
2024-12-02 17:05:43 [INFO] 获取用户Xiao_Shuai_Ge的提交记录成功
2024-12-02 17:08:42 [DEBUG] 成功发送一条群发消息: [[33m系统[0m] 进行一次提交检查...
2024-12-02 17:08:42 [INFO] 进行一次检查
2024-12-02 17:08:42 [INFO] 正在获取用户Xiao_Shuai_Ge的提交记录
2024-12-02 17:08:43 [INFO] 获取用户Xiao_Shuai_Ge的提交记录成功
2024-12-02 17:10:26 [DEBUG] 成功发送一条群发消息: [[33m系统[0m] 游戏结束! 共解决题目: 5, 总罚时: 146
2024-12-02 17:12:28 [INFO] 玩家 Xiao_Shuai_Ge 离开聊天室
2024-12-02 17:12:28 [DEBUG] 成功发送一条群发消息: [[33m系统[0m] Xiao_Shuai_Ge [33m离开聊天室[0m
