2024-11-30 20:28:40 [INFO] 数据库加载成功
2024-11-30 20:28:40 [INFO] ACM GAME 启动成功!
2024-11-30 20:28:40 [INFO] 目前版本: v2.0.0
2024-11-30 20:29:04 [INFO] 玩家 Xiao_Shuai_Ge 进入聊天室
2024-11-30 20:29:04 [DEBUG] 成功发送一条群发消息: [[33m系统[0m] Xiao_Shuai_Ge [33m进入聊天室[0m
2024-11-30 20:29:07 [DEBUG] 成功发送一条群发消息: 
    _    ___  __  __         ___    _    ___ __   __  __  __   ___   ___   ___ 
   /_\  / __||  \/  |  ___  | __|  /_\  / __|\ \ / / |  \/  | / _ \ |   \ | __|
  / _ \| (__ | |\/| | |___| | _|  / _ \ \__ \ \ V /  | |\/| || (_) || |) || _| 
 /_/ \_\\___||_|  |_|       |___|/_/ \_\|___/  |_|   |_|  |_| \___/ |___/ |___|

2024-11-30 20:29:07 [INFO] 游戏开始
2024-11-30 20:29:07 [DEBUG] 成功发送一条群发消息: [[33m系统[0m] 游戏开始!
2024-11-30 20:29:07 [DEBUG] 成功对发送一条个人消息: 
题目列表:
2024-11-30 20:29:07 [DEBUG] 成功对发送一条个人消息: 1. https://mirror.codeforces.com/problemset/problem/1220/A (难度: 800)
2024-11-30 20:29:07 [DEBUG] 成功对发送一条个人消息: 2. https://mirror.codeforces.com/problemset/problem/14/B (难度: 1000)
2024-11-30 20:29:07 [DEBUG] 成功对发送一条个人消息: 3. https://mirror.codeforces.com/problemset/problem/818/B (难度: 1600)
2024-11-30 20:29:07 [DEBUG] 成功对发送一条个人消息: 4. https://mirror.codeforces.com/problemset/problem/660/A (难度: 1200)
2024-11-30 20:29:07 [DEBUG] 成功对发送一条个人消息: 5. https://mirror.codeforces.com/problemset/problem/182/B (难度: 1000)
2024-11-30 20:29:07 [DEBUG] 成功对发送一条个人消息: 6. https://mirror.codeforces.com/problemset/problem/918/A (难度: 800)
2024-11-30 20:29:38 [INFO] 正在获取用户Xiao_Shuai_Ge的提交记录
2024-11-30 20:29:38 [INFO] 获取用户Xiao_Shuai_Ge的提交记录成功
2024-11-30 20:29:39 [DEBUG] 成功发送一条群发消息: [[33m系统[0m] Xiao_Shuai_Ge [31mWA了第 6 题！[0m
2024-11-30 20:30:09 [INFO] 正在获取用户Xiao_Shuai_Ge的提交记录
2024-11-30 20:30:09 [INFO] 获取用户Xiao_Shuai_Ge的提交记录成功
2024-11-30 20:30:40 [INFO] 正在获取用户Xiao_Shuai_Ge的提交记录
2024-11-30 20:30:40 [INFO] 获取用户Xiao_Shuai_Ge的提交记录成功
2024-11-30 20:30:40 [DEBUG] 成功发送一条群发消息: [[33m系统[0m] Xiao_Shuai_Ge [31mWA了第 6 题！[0m
2024-11-30 20:31:11 [INFO] 正在获取用户Xiao_Shuai_Ge的提交记录
2024-11-30 20:31:11 [INFO] 获取用户Xiao_Shuai_Ge的提交记录成功
2024-11-30 20:31:42 [INFO] 正在获取用户Xiao_Shuai_Ge的提交记录
2024-11-30 20:31:42 [INFO] 获取用户Xiao_Shuai_Ge的提交记录成功
2024-11-30 20:32:13 [INFO] 正在获取用户Xiao_Shuai_Ge的提交记录
2024-11-30 20:32:14 [INFO] 获取用户Xiao_Shuai_Ge的提交记录成功
2024-11-30 20:32:14 [DEBUG] 成功发送一条群发消息: [[33m系统[0m] Xiao_Shuai_Ge [32mAC了第 6 题！(罚时: 23 )[0m
2024-11-30 20:32:27 [INFO] 玩家 Xiao_Shuai_Ge 离开聊天室
2024-11-30 20:32:27 [DEBUG] 成功发送一条群发消息: [[33m系统[0m] Xiao_Shuai_Ge [33m离开聊天室[0m
