2024-11-30 20:55:51 [INFO] 数据库加载成功
2024-11-30 20:55:51 [INFO] ACM GAME 启动成功!
2024-11-30 20:55:51 [INFO] 目前版本: v2.0.0
2024-11-30 20:55:57 [INFO] 玩家 Xiao_Shuai_Ge 进入聊天室
2024-11-30 20:55:57 [DEBUG] 成功发送一条群发消息: [[33m系统[0m] Xiao_Shuai_Ge [33m进入聊天室[0m
2024-11-30 20:56:01 [DEBUG] 成功发送一条群发消息: 
    _    ___  __  __         ___    _    ___ __   __  _____  ___    _    __  __   __  __   ___   ___   ___ 
   /_\  / __||  \/  |  ___  | __|  /_\  / __|\ \ / / |_   _|| __|  /_\  |  \/  | |  \/  | / _ \ |   \ | __|
  / _ \| (__ | |\/| | |___| | _|  / _ \ \__ \ \ V /    | |  | _|  / _ \ | |\/| | | |\/| || (_) || |) || _| 
 /_/ \_\\___||_|  |_|       |___|/_/ \_\|___/  |_|     |_|  |___|/_/ \_\|_|  |_| |_|  |_| \___/ |___/ |___|
                                                                                                           

2024-11-30 20:56:01 [INFO] 游戏开始
2024-11-30 20:56:01 [DEBUG] 成功发送一条群发消息: [[33m系统[0m] 游戏开始!
2024-11-30 20:56:01 [DEBUG] 成功对发送一条个人消息: 
题目列表:
2024-11-30 20:56:01 [DEBUG] 成功对发送一条个人消息: 1. https://mirror.codeforces.com/problemset/problem/1986/B (难度: 1000)
2024-11-30 20:56:01 [DEBUG] 成功对发送一条个人消息: 2. https://mirror.codeforces.com/problemset/problem/1388/B (难度: 1000)
2024-11-30 20:56:01 [DEBUG] 成功对发送一条个人消息: 3. https://mirror.codeforces.com/problemset/problem/126/A (难度: 1900)
2024-11-30 20:56:01 [DEBUG] 成功对发送一条个人消息: 4. https://mirror.codeforces.com/problemset/problem/1579/C (难度: 1500)
2024-11-30 20:56:01 [DEBUG] 成功对发送一条个人消息: 5. https://mirror.codeforces.com/problemset/problem/426/A (难度: 800)
2024-11-30 20:56:01 [DEBUG] 成功对发送一条个人消息: 6. https://mirror.codeforces.com/problemset/problem/519/A (难度: 900)
2024-11-30 20:56:01 [DEBUG] 成功对发送一条个人消息: 7. https://mirror.codeforces.com/problemset/problem/31/B (难度: 1500)
2024-11-30 20:56:01 [DEBUG] 成功对发送一条个人消息: 8. https://mirror.codeforces.com/problemset/problem/984/A (难度: 800)
2024-11-30 20:56:01 [DEBUG] 成功对发送一条个人消息: 9. https://mirror.codeforces.com/problemset/problem/194/A (难度: 900)
2024-11-30 20:56:01 [DEBUG] 成功对发送一条个人消息: 10. https://mirror.codeforces.com/problemset/problem/219/B (难度: 1400)
2024-11-30 20:56:04 [DEBUG] 成功对发送一条个人消息: 
题目列表:
2024-11-30 20:56:04 [DEBUG] 成功对发送一条个人消息: 1. https://mirror.codeforces.com/problemset/problem/1986/B (难度: 1000)
2024-11-30 20:56:04 [DEBUG] 成功对发送一条个人消息: 2. https://mirror.codeforces.com/problemset/problem/1388/B (难度: 1000)
2024-11-30 20:56:04 [DEBUG] 成功对发送一条个人消息: 3. https://mirror.codeforces.com/problemset/problem/126/A (难度: 1900)
2024-11-30 20:56:04 [DEBUG] 成功对发送一条个人消息: 4. https://mirror.codeforces.com/problemset/problem/1579/C (难度: 1500)
2024-11-30 20:56:04 [DEBUG] 成功对发送一条个人消息: 5. https://mirror.codeforces.com/problemset/problem/426/A (难度: 800)
2024-11-30 20:56:04 [DEBUG] 成功对发送一条个人消息: 6. https://mirror.codeforces.com/problemset/problem/519/A (难度: 900)
2024-11-30 20:56:04 [DEBUG] 成功对发送一条个人消息: 7. https://mirror.codeforces.com/problemset/problem/31/B (难度: 1500)
2024-11-30 20:56:04 [DEBUG] 成功对发送一条个人消息: 8. https://mirror.codeforces.com/problemset/problem/984/A (难度: 800)
2024-11-30 20:56:04 [DEBUG] 成功对发送一条个人消息: 9. https://mirror.codeforces.com/problemset/problem/194/A (难度: 900)
2024-11-30 20:56:04 [DEBUG] 成功对发送一条个人消息: 10. https://mirror.codeforces.com/problemset/problem/219/B (难度: 1400)
2024-11-30 20:56:28 [INFO] 玩家 Xiao_Shuai_Ge 离开聊天室
2024-11-30 20:56:28 [DEBUG] 成功发送一条群发消息: [[33m系统[0m] Xiao_Shuai_Ge [33m离开聊天室[0m
