2024-11-30 21:02:10 [INFO] 数据库加载成功
2024-11-30 21:02:10 [INFO] ACM GAME 启动成功!
2024-11-30 21:02:10 [INFO] 目前版本: v2.0.0
2024-11-30 21:02:33 [INFO] 玩家 jhinih 进入聊天室
2024-11-30 21:02:33 [DEBUG] 成功发送一条群发消息: [[33m系统[0m] jhinih [33m进入聊天室[0m
2024-11-30 21:02:37 [DEBUG] 成功发送一条群发消息: [jhinih]:………………
2024-11-30 21:03:42 [DEBUG] 成功发送一条群发消息: [jhinih]:我是🐎牛逼
2024-11-30 21:03:44 [DEBUG] 成功发送一条群发消息: [jhinih]:我是🐎牛逼
2024-11-30 21:03:44 [DEBUG] 成功发送一条群发消息: [jhinih]:我是🐎牛逼
2024-11-30 21:03:44 [DEBUG] 成功发送一条群发消息: [jhinih]:我是🐎牛逼
2024-11-30 21:03:44 [DEBUG] 成功发送一条群发消息: [jhinih]:我是🐎牛逼
2024-11-30 21:03:44 [DEBUG] 成功发送一条群发消息: [jhinih]:我是🐎牛逼
2024-11-30 21:03:44 [DEBUG] 成功发送一条群发消息: [jhinih]:我是🐎牛逼
2024-11-30 21:03:45 [DEBUG] 成功发送一条群发消息: [jhinih]:我是🐎牛逼
2024-11-30 21:03:45 [DEBUG] 成功发送一条群发消息: [jhinih]:我是🐎牛逼
2024-11-30 21:03:45 [DEBUG] 成功发送一条群发消息: [jhinih]:我是🐎牛逼
2024-11-30 21:03:45 [DEBUG] 成功发送一条群发消息: [jhinih]:我是🐎牛逼
2024-11-30 21:03:45 [DEBUG] 成功发送一条群发消息: [jhinih]:我是🐎牛逼
2024-11-30 21:03:46 [DEBUG] 成功发送一条群发消息: [jhinih]:我是🐎牛逼
2024-11-30 21:03:46 [DEBUG] 成功发送一条群发消息: [jhinih]:我是🐎牛逼
2024-11-30 21:03:46 [DEBUG] 成功发送一条群发消息: [jhinih]:我是🐎牛逼
2024-11-30 21:03:46 [DEBUG] 成功发送一条群发消息: [jhinih]:我是🐎牛逼
2024-11-30 21:03:46 [DEBUG] 成功发送一条群发消息: [jhinih]:我是🐎牛逼
2024-11-30 21:03:46 [DEBUG] 成功发送一条群发消息: [jhinih]:我是🐎牛逼
2024-11-30 21:03:46 [DEBUG] 成功发送一条群发消息: [jhinih]:我是🐎牛逼
2024-11-30 21:03:47 [DEBUG] 成功发送一条群发消息: [jhinih]:jhinih
2024-11-30 21:03:47 [DEBUG] 成功发送一条群发消息: [jhinih]:jhinih
2024-11-30 21:03:47 [DEBUG] 成功发送一条群发消息: [jhinih]:jhinih
2024-11-30 21:03:48 [DEBUG] 成功发送一条群发消息: [jhinih]:jhinih
2024-11-30 21:03:48 [DEBUG] 成功发送一条群发消息: [jhinih]:jhinih
2024-11-30 21:03:48 [DEBUG] 成功发送一条群发消息: [jhinih]:jhinih
2024-11-30 21:03:48 [DEBUG] 成功发送一条群发消息: [jhinih]:jhinih
2024-11-30 21:03:48 [DEBUG] 成功发送一条群发消息: [jhinih]:jhinih
2024-11-30 21:03:48 [DEBUG] 成功发送一条群发消息: [jhinih]:jhinih
2024-11-30 21:03:49 [DEBUG] 成功发送一条群发消息: [jhinih]:jhinih
2024-11-30 21:03:49 [DEBUG] 成功发送一条群发消息: [jhinih]:jhinih
2024-11-30 21:03:49 [DEBUG] 成功发送一条群发消息: [jhinih]:jhinih
2024-11-30 21:03:49 [DEBUG] 成功发送一条群发消息: [jhinih]:jhinih
2024-11-30 21:03:52 [DEBUG] 成功发送一条群发消息: [jhinih]:………………
2024-11-30 21:03:53 [DEBUG] 成功发送一条群发消息: [jhinih]:我是🐎牛逼
2024-11-30 21:03:53 [DEBUG] 成功发送一条群发消息: [jhinih]:我是🐎牛逼
2024-11-30 21:03:53 [DEBUG] 成功发送一条群发消息: [jhinih]:我是🐎牛逼
2024-11-30 21:03:54 [DEBUG] 成功发送一条群发消息: [jhinih]:我是🐎牛逼
2024-11-30 21:03:54 [DEBUG] 成功发送一条群发消息: [jhinih]:我是🐎牛逼
2024-11-30 21:03:54 [DEBUG] 成功发送一条群发消息: [jhinih]:………………
2024-11-30 21:03:54 [DEBUG] 成功发送一条群发消息: [jhinih]:………………
2024-11-30 21:05:12 [INFO] 玩家 jhinih 离开聊天室
2024-11-30 21:05:12 [DEBUG] 成功发送一条群发消息: [[33m系统[0m] jhinih [33m离开聊天室[0m
