2024-12-13 20:00:10 [INFO] 数据库加载成功
2024-12-13 20:00:10 [INFO] 解析更新日志成功
2024-12-13 20:00:10 [INFO] ACM GAME 启动成功!
2024-12-13 20:00:10 [INFO] 目前版本: v2.0.0
2024-12-13 20:01:18 [ERROR] 查询用户失败:
%!(EXTRA *gorm.DB=&{0xc0002aa090 <nil> 1 0xc000107c00 0})2024-12-13 20:01:18 [INFO] 玩家 Xiao_Shuai_Ge 进入聊天室
2024-12-13 20:01:29 [ERROR] 查询用户失败:
%!(EXTRA *gorm.DB=&{0xc0002aa090 <nil> 1 0xc0000b0000 0})2024-12-13 20:01:29 [INFO] 玩家 jhinih 进入聊天室
2024-12-13 20:01:46 [INFO] 游戏开始
2024-12-13 20:01:56 [ERROR] 查询用户失败:
%!(EXTRA *gorm.DB=&{0xc0002aa090 <nil> 1 0xc00029b880 0})2024-12-13 20:01:56 [INFO] 玩家 zhengjun0120 进入聊天室
2024-12-13 20:04:46 [INFO] 进行一次检查
2024-12-13 20:04:46 [INFO] 正在获取用户Xiao_Shuai_Ge的提交记录
2024-12-13 20:04:47 [INFO] 获取用户Xiao_Shuai_Ge的提交记录成功
2024-12-13 20:04:47 [INFO] 正在获取用户jhinih的提交记录
2024-12-13 20:04:47 [INFO] 获取用户jhinih的提交记录成功
2024-12-13 20:04:47 [INFO] 正在获取用户zhengjun0120的提交记录
2024-12-13 20:04:48 [INFO] 获取用户zhengjun0120的提交记录成功
2024-12-13 20:07:46 [INFO] 进行一次检查
2024-12-13 20:07:46 [INFO] 正在获取用户Xiao_Shuai_Ge的提交记录
2024-12-13 20:07:52 [INFO] 获取用户Xiao_Shuai_Ge的提交记录成功
2024-12-13 20:07:52 [INFO] 正在获取用户jhinih的提交记录
2024-12-13 20:07:57 [INFO] 获取用户jhinih的提交记录成功
2024-12-13 20:07:57 [INFO] 正在获取用户zhengjun0120的提交记录
2024-12-13 20:07:59 [INFO] 获取用户zhengjun0120的提交记录成功
2024-12-13 20:10:46 [INFO] 进行一次检查
2024-12-13 20:10:46 [INFO] 正在获取用户zhengjun0120的提交记录
2024-12-13 20:10:48 [INFO] 获取用户zhengjun0120的提交记录成功
2024-12-13 20:10:48 [INFO] 正在获取用户Xiao_Shuai_Ge的提交记录
2024-12-13 20:10:49 [INFO] 获取用户Xiao_Shuai_Ge的提交记录成功
2024-12-13 20:10:49 [INFO] 正在获取用户jhinih的提交记录
2024-12-13 20:10:50 [INFO] 获取用户jhinih的提交记录成功
2024-12-13 20:13:46 [INFO] 进行一次检查
2024-12-13 20:13:46 [INFO] 正在获取用户Xiao_Shuai_Ge的提交记录
2024-12-13 20:13:47 [INFO] 获取用户Xiao_Shuai_Ge的提交记录成功
2024-12-13 20:13:47 [INFO] 正在获取用户jhinih的提交记录
2024-12-13 20:13:48 [INFO] 获取用户jhinih的提交记录成功
2024-12-13 20:13:48 [INFO] 正在获取用户zhengjun0120的提交记录
2024-12-13 20:13:48 [INFO] 获取用户zhengjun0120的提交记录成功
2024-12-13 20:16:46 [INFO] 进行一次检查
2024-12-13 20:16:46 [INFO] 正在获取用户Xiao_Shuai_Ge的提交记录
2024-12-13 20:16:47 [INFO] 获取用户Xiao_Shuai_Ge的提交记录成功
2024-12-13 20:16:47 [INFO] 正在获取用户jhinih的提交记录
2024-12-13 20:16:47 [INFO] 获取用户jhinih的提交记录成功
2024-12-13 20:16:47 [INFO] 正在获取用户zhengjun0120的提交记录
2024-12-13 20:16:48 [INFO] 获取用户zhengjun0120的提交记录成功
2024-12-13 20:18:49 [ERROR] 查询用户失败:
%!(EXTRA *gorm.DB=&{0xc0002aa090 <nil> 1 0xc000318c40 0})2024-12-13 20:18:49 [INFO] 用户不存在，创建新用户:
%!(EXTRA string=qq2462155058)2024-12-13 20:18:49 [INFO] 玩家 qq2462155058 进入聊天室
2024-12-13 20:19:46 [INFO] 进行一次检查
2024-12-13 20:19:46 [INFO] 正在获取用户qq2462155058的提交记录
2024-12-13 20:19:47 [INFO] 获取用户qq2462155058的提交记录成功
2024-12-13 20:19:48 [INFO] 正在获取用户Xiao_Shuai_Ge的提交记录
2024-12-13 20:19:48 [INFO] 获取用户Xiao_Shuai_Ge的提交记录成功
2024-12-13 20:19:48 [INFO] 正在获取用户jhinih的提交记录
2024-12-13 20:19:49 [INFO] 获取用户jhinih的提交记录成功
2024-12-13 20:19:49 [INFO] 正在获取用户zhengjun0120的提交记录
2024-12-13 20:20:00 [INFO] 获取用户zhengjun0120的提交记录成功
2024-12-13 20:21:15 [INFO] 进行一次检查
2024-12-13 20:21:16 [INFO] 正在获取用户Xiao_Shuai_Ge的提交记录
2024-12-13 20:21:17 [INFO] 获取用户Xiao_Shuai_Ge的提交记录成功
2024-12-13 20:21:17 [INFO] 正在获取用户jhinih的提交记录
2024-12-13 20:21:17 [INFO] 获取用户jhinih的提交记录成功
2024-12-13 20:21:17 [INFO] 正在获取用户zhengjun0120的提交记录
2024-12-13 20:21:18 [INFO] 获取用户zhengjun0120的提交记录成功
2024-12-13 20:21:18 [INFO] 正在获取用户qq2462155058的提交记录
2024-12-13 20:21:18 [INFO] 获取用户qq2462155058的提交记录成功
2024-12-13 20:24:15 [INFO] 进行一次检查
2024-12-13 20:24:15 [INFO] 正在获取用户Xiao_Shuai_Ge的提交记录
2024-12-13 20:24:16 [INFO] 获取用户Xiao_Shuai_Ge的提交记录成功
2024-12-13 20:24:16 [INFO] 正在获取用户jhinih的提交记录
2024-12-13 20:24:16 [INFO] 获取用户jhinih的提交记录成功
2024-12-13 20:24:16 [INFO] 正在获取用户zhengjun0120的提交记录
2024-12-13 20:24:16 [INFO] 获取用户zhengjun0120的提交记录成功
2024-12-13 20:24:16 [INFO] 正在获取用户qq2462155058的提交记录
2024-12-13 20:24:16 [INFO] 获取用户qq2462155058的提交记录成功
2024-12-13 20:27:15 [INFO] 进行一次检查
2024-12-13 20:27:15 [INFO] 正在获取用户zhengjun0120的提交记录
2024-12-13 20:27:17 [INFO] 获取用户zhengjun0120的提交记录成功
2024-12-13 20:27:17 [INFO] 正在获取用户qq2462155058的提交记录
2024-12-13 20:27:17 [INFO] 获取用户qq2462155058的提交记录成功
2024-12-13 20:27:17 [INFO] 正在获取用户Xiao_Shuai_Ge的提交记录
2024-12-13 20:27:18 [INFO] 获取用户Xiao_Shuai_Ge的提交记录成功
2024-12-13 20:27:18 [INFO] 正在获取用户jhinih的提交记录
2024-12-13 20:27:18 [INFO] 获取用户jhinih的提交记录成功
2024-12-13 20:30:15 [INFO] 进行一次检查
2024-12-13 20:30:15 [INFO] 正在获取用户Xiao_Shuai_Ge的提交记录
2024-12-13 20:30:18 [INFO] 获取用户Xiao_Shuai_Ge的提交记录成功
2024-12-13 20:30:18 [INFO] 正在获取用户jhinih的提交记录
2024-12-13 20:30:18 [INFO] 获取用户jhinih的提交记录成功
2024-12-13 20:30:18 [INFO] 正在获取用户zhengjun0120的提交记录
2024-12-13 20:30:19 [INFO] 获取用户zhengjun0120的提交记录成功
2024-12-13 20:30:19 [INFO] 正在获取用户qq2462155058的提交记录
2024-12-13 20:30:19 [INFO] 获取用户qq2462155058的提交记录成功
2024-12-13 20:33:15 [INFO] 进行一次检查
2024-12-13 20:33:15 [INFO] 正在获取用户Xiao_Shuai_Ge的提交记录
2024-12-13 20:33:17 [INFO] 获取用户Xiao_Shuai_Ge的提交记录成功
2024-12-13 20:33:17 [INFO] 正在获取用户jhinih的提交记录
2024-12-13 20:33:18 [INFO] 获取用户jhinih的提交记录成功
2024-12-13 20:33:18 [INFO] 正在获取用户zhengjun0120的提交记录
2024-12-13 20:33:19 [INFO] 获取用户zhengjun0120的提交记录成功
2024-12-13 20:33:19 [INFO] 正在获取用户qq2462155058的提交记录
2024-12-13 20:33:20 [INFO] 获取用户qq2462155058的提交记录成功
2024-12-13 20:36:15 [INFO] 进行一次检查
2024-12-13 20:36:15 [INFO] 正在获取用户Xiao_Shuai_Ge的提交记录
2024-12-13 20:36:16 [INFO] 获取用户Xiao_Shuai_Ge的提交记录成功
2024-12-13 20:36:16 [INFO] 正在获取用户jhinih的提交记录
2024-12-13 20:36:17 [INFO] 获取用户jhinih的提交记录成功
2024-12-13 20:36:17 [INFO] 正在获取用户zhengjun0120的提交记录
2024-12-13 20:36:17 [INFO] 获取用户zhengjun0120的提交记录成功
2024-12-13 20:36:17 [INFO] 正在获取用户qq2462155058的提交记录
2024-12-13 20:36:17 [INFO] 获取用户qq2462155058的提交记录成功
2024-12-13 20:38:28 [INFO] 进行一次检查
2024-12-13 20:38:29 [INFO] 正在获取用户zhengjun0120的提交记录
2024-12-13 20:38:30 [INFO] 获取用户zhengjun0120的提交记录成功
2024-12-13 20:38:30 [INFO] 正在获取用户qq2462155058的提交记录
2024-12-13 20:38:30 [INFO] 获取用户qq2462155058的提交记录成功
2024-12-13 20:38:30 [INFO] 正在获取用户Xiao_Shuai_Ge的提交记录
2024-12-13 20:38:31 [INFO] 获取用户Xiao_Shuai_Ge的提交记录成功
2024-12-13 20:38:31 [INFO] 正在获取用户jhinih的提交记录
2024-12-13 20:38:31 [INFO] 获取用户jhinih的提交记录成功
2024-12-13 20:39:09 [INFO] 进行一次检查
2024-12-13 20:39:10 [INFO] 正在获取用户Xiao_Shuai_Ge的提交记录
2024-12-13 20:39:10 [INFO] 获取用户Xiao_Shuai_Ge的提交记录成功
2024-12-13 20:39:10 [INFO] 正在获取用户jhinih的提交记录
2024-12-13 20:39:10 [INFO] 获取用户jhinih的提交记录成功
2024-12-13 20:39:10 [INFO] 正在获取用户zhengjun0120的提交记录
2024-12-13 20:39:11 [INFO] 获取用户zhengjun0120的提交记录成功
2024-12-13 20:39:11 [INFO] 正在获取用户qq2462155058的提交记录
2024-12-13 20:39:11 [INFO] 获取用户qq2462155058的提交记录成功
2024-12-13 20:41:20 [INFO] 进行一次检查
2024-12-13 20:41:20 [INFO] 正在获取用户Xiao_Shuai_Ge的提交记录
2024-12-13 20:41:21 [INFO] 获取用户Xiao_Shuai_Ge的提交记录成功
2024-12-13 20:41:21 [INFO] 正在获取用户jhinih的提交记录
2024-12-13 20:41:22 [INFO] 获取用户jhinih的提交记录成功
2024-12-13 20:41:22 [INFO] 正在获取用户zhengjun0120的提交记录
2024-12-13 20:41:22 [INFO] 获取用户zhengjun0120的提交记录成功
2024-12-13 20:41:22 [INFO] 正在获取用户qq2462155058的提交记录
2024-12-13 20:41:22 [INFO] 获取用户qq2462155058的提交记录成功
2024-12-13 20:43:21 [INFO] 进行一次检查
2024-12-13 20:43:21 [INFO] 正在获取用户Xiao_Shuai_Ge的提交记录
2024-12-13 20:43:33 [ERROR] 发送请求失败: Get "https://mirror.codeforces.com/submissions/Xiao_Shuai_Ge": net/http: TLS handshake timeout
2024-12-13 20:43:33 [INFO] 正在获取用户jhinih的提交记录
2024-12-13 20:43:34 [INFO] 获取用户jhinih的提交记录成功
2024-12-13 20:43:34 [INFO] 正在获取用户zhengjun0120的提交记录
2024-12-13 20:43:34 [INFO] 获取用户zhengjun0120的提交记录成功
2024-12-13 20:43:34 [INFO] 正在获取用户qq2462155058的提交记录
2024-12-13 20:43:34 [INFO] 获取用户qq2462155058的提交记录成功
2024-12-13 20:45:40 [INFO] 进行一次检查
2024-12-13 20:45:41 [INFO] 正在获取用户Xiao_Shuai_Ge的提交记录
2024-12-13 20:45:42 [INFO] 获取用户Xiao_Shuai_Ge的提交记录成功
2024-12-13 20:45:42 [INFO] 正在获取用户jhinih的提交记录
2024-12-13 20:45:42 [INFO] 获取用户jhinih的提交记录成功
2024-12-13 20:45:42 [INFO] 正在获取用户zhengjun0120的提交记录
2024-12-13 20:45:43 [INFO] 获取用户zhengjun0120的提交记录成功
2024-12-13 20:45:43 [INFO] 正在获取用户qq2462155058的提交记录
2024-12-13 20:45:43 [INFO] 获取用户qq2462155058的提交记录成功
2024-12-13 20:48:40 [INFO] 进行一次检查
2024-12-13 20:48:40 [INFO] 正在获取用户Xiao_Shuai_Ge的提交记录
2024-12-13 20:48:42 [INFO] 获取用户Xiao_Shuai_Ge的提交记录成功
2024-12-13 20:48:43 [INFO] 正在获取用户jhinih的提交记录
2024-12-13 20:48:43 [INFO] 获取用户jhinih的提交记录成功
2024-12-13 20:48:43 [INFO] 正在获取用户zhengjun0120的提交记录
2024-12-13 20:48:44 [INFO] 获取用户zhengjun0120的提交记录成功
2024-12-13 20:48:44 [INFO] 正在获取用户qq2462155058的提交记录
2024-12-13 20:48:45 [INFO] 获取用户qq2462155058的提交记录成功
2024-12-13 20:49:50 [INFO] 进行一次检查
2024-12-13 20:49:51 [INFO] 正在获取用户zhengjun0120的提交记录
2024-12-13 20:50:10 [INFO] 获取用户zhengjun0120的提交记录成功
2024-12-13 20:50:10 [INFO] 正在获取用户qq2462155058的提交记录
2024-12-13 20:50:12 [INFO] 获取用户qq2462155058的提交记录成功
2024-12-13 20:50:12 [INFO] 正在获取用户Xiao_Shuai_Ge的提交记录
2024-12-13 20:50:13 [INFO] 获取用户Xiao_Shuai_Ge的提交记录成功
2024-12-13 20:50:14 [INFO] 正在获取用户jhinih的提交记录
2024-12-13 20:50:15 [INFO] 获取用户jhinih的提交记录成功
2024-12-13 20:51:09 [INFO] 玩家 Xiao_Shuai_Ge 离开聊天室
2024-12-13 20:51:12 [ERROR] 查询用户失败:
%!(EXTRA *gorm.DB=&{0xc0002aa090 <nil> 1 0xc000319880 0})2024-12-13 20:51:12 [INFO] 玩家 Xiao_Shuai_Ge 进入聊天室
2024-12-13 20:51:15 [INFO] 玩家 qq2462155058 离开聊天室
2024-12-13 20:51:33 [ERROR] 查询用户失败:
%!(EXTRA *gorm.DB=&{0xc0002aa090 <nil> 1 0xc000319dc0 0})2024-12-13 20:51:33 [INFO] 玩家 simplyjoke 进入聊天室
2024-12-13 20:51:34 [ERROR] 查询用户失败:
%!(EXTRA *gorm.DB=&{0xc0002aa090 <nil> 1 0xc000107880 0})2024-12-13 20:51:34 [INFO] 玩家 simplyjoke 进入聊天室
2024-12-13 20:51:34 [INFO] 玩家 simplyjoke 离开聊天室
2024-12-13 20:51:36 [INFO] 玩家 Xiao_Shuai_Ge 离开聊天室
