2024-12-12 21:27:19 [INFO] 数据库加载成功
2024-12-12 21:27:19 [INFO] 解析更新日志成功
2024-12-12 21:27:19 [INFO] ACM GAME 启动成功!
2024-12-12 21:27:19 [INFO] 目前版本: v2.0.0
2024-12-12 21:27:33 [ERROR] 查询用户失败:
%!(EXTRA *gorm.DB=&{0xc0002aa090 <nil> 1 0xc000106700 0})2024-12-12 21:27:33 [INFO] 玩家 Xiao_Shuai_Ge 进入聊天室
2024-12-12 21:27:47 [ERROR] 查询用户失败:
%!(EXTRA *gorm.DB=&{0xc0002aa090 <nil> 1 0xc00029afc0 0})2024-12-12 21:27:47 [INFO] 用户不存在，创建新用户:
%!(EXTRA string=jhinih)2024-12-12 21:27:47 [INFO] 玩家 jhinih 进入聊天室
2024-12-12 21:28:21 [INFO] 玩家 jhinih 离开聊天室
2024-12-12 21:28:23 [INFO] 游戏开始
2024-12-12 21:28:24 [ERROR] 查询用户失败:
%!(EXTRA *gorm.DB=&{0xc0002aa090 <nil> 1 0xc000394000 0})2024-12-12 21:28:24 [INFO] 玩家 jhinih 进入聊天室
2024-12-12 21:31:23 [INFO] 进行一次检查
2024-12-12 21:31:23 [INFO] 正在获取用户Xiao_Shuai_Ge的提交记录
2024-12-12 21:31:24 [INFO] 获取用户Xiao_Shuai_Ge的提交记录成功
2024-12-12 21:31:24 [INFO] 正在获取用户jhinih的提交记录
2024-12-12 21:31:24 [INFO] 获取用户jhinih的提交记录成功
2024-12-12 21:34:23 [INFO] 进行一次检查
2024-12-12 21:34:23 [INFO] 正在获取用户Xiao_Shuai_Ge的提交记录
2024-12-12 21:34:24 [INFO] 获取用户Xiao_Shuai_Ge的提交记录成功
2024-12-12 21:34:24 [INFO] 正在获取用户jhinih的提交记录
2024-12-12 21:34:24 [INFO] 获取用户jhinih的提交记录成功
2024-12-12 21:37:23 [INFO] 进行一次检查
2024-12-12 21:37:23 [INFO] 正在获取用户Xiao_Shuai_Ge的提交记录
2024-12-12 21:37:25 [INFO] 获取用户Xiao_Shuai_Ge的提交记录成功
2024-12-12 21:37:25 [INFO] 正在获取用户jhinih的提交记录
2024-12-12 21:37:25 [INFO] 获取用户jhinih的提交记录成功
2024-12-12 21:40:23 [INFO] 进行一次检查
2024-12-12 21:40:23 [INFO] 正在获取用户Xiao_Shuai_Ge的提交记录
2024-12-12 21:40:24 [INFO] 获取用户Xiao_Shuai_Ge的提交记录成功
2024-12-12 21:40:24 [INFO] 正在获取用户jhinih的提交记录
2024-12-12 21:40:25 [INFO] 获取用户jhinih的提交记录成功
2024-12-12 21:43:20 [ERROR] 查询用户失败:
%!(EXTRA *gorm.DB=&{0xc0002aa090 <nil> 1 0xc000408fc0 0})2024-12-12 21:43:20 [INFO] 用户不存在，创建新用户:
%!(EXTRA string=zhengjun0120)2024-12-12 21:43:20 [INFO] 玩家 zhengjun0120 进入聊天室
2024-12-12 21:43:23 [INFO] 进行一次检查
2024-12-12 21:43:23 [INFO] 正在获取用户Xiao_Shuai_Ge的提交记录
2024-12-12 21:43:24 [INFO] 获取用户Xiao_Shuai_Ge的提交记录成功
2024-12-12 21:43:24 [INFO] 正在获取用户jhinih的提交记录
2024-12-12 21:43:24 [INFO] 获取用户jhinih的提交记录成功
2024-12-12 21:43:24 [INFO] 正在获取用户zhengjun0120的提交记录
2024-12-12 21:43:25 [INFO] 获取用户zhengjun0120的提交记录成功
2024-12-12 21:44:14 [ERROR] 查询用户失败:
%!(EXTRA *gorm.DB=&{0xc0002aa090 <nil> 1 0xc00029b180 0})2024-12-12 21:44:14 [INFO] 用户不存在，创建新用户:
%!(EXTRA string=simplyjoke)2024-12-12 21:44:14 [INFO] 玩家 simplyjoke 进入聊天室
2024-12-12 21:46:23 [INFO] 进行一次检查
2024-12-12 21:46:23 [INFO] 正在获取用户Xiao_Shuai_Ge的提交记录
2024-12-12 21:46:29 [INFO] 获取用户Xiao_Shuai_Ge的提交记录成功
2024-12-12 21:46:29 [INFO] 正在获取用户jhinih的提交记录
2024-12-12 21:46:30 [INFO] 获取用户jhinih的提交记录成功
2024-12-12 21:46:30 [INFO] 正在获取用户zhengjun0120的提交记录
2024-12-12 21:46:31 [INFO] 获取用户zhengjun0120的提交记录成功
2024-12-12 21:46:32 [INFO] 正在获取用户simplyjoke的提交记录
2024-12-12 21:46:33 [INFO] 获取用户simplyjoke的提交记录成功
2024-12-12 21:49:23 [INFO] 进行一次检查
2024-12-12 21:49:23 [INFO] 正在获取用户zhengjun0120的提交记录
2024-12-12 21:49:25 [INFO] 获取用户zhengjun0120的提交记录成功
2024-12-12 21:49:26 [INFO] 正在获取用户simplyjoke的提交记录
2024-12-12 21:49:26 [INFO] 获取用户simplyjoke的提交记录成功
2024-12-12 21:49:26 [INFO] 正在获取用户Xiao_Shuai_Ge的提交记录
2024-12-12 21:49:27 [INFO] 获取用户Xiao_Shuai_Ge的提交记录成功
2024-12-12 21:49:27 [INFO] 正在获取用户jhinih的提交记录
2024-12-12 21:49:27 [INFO] 获取用户jhinih的提交记录成功
2024-12-12 21:52:23 [INFO] 进行一次检查
2024-12-12 21:52:23 [INFO] 正在获取用户Xiao_Shuai_Ge的提交记录
2024-12-12 21:52:24 [INFO] 获取用户Xiao_Shuai_Ge的提交记录成功
2024-12-12 21:52:24 [INFO] 正在获取用户jhinih的提交记录
2024-12-12 21:52:25 [INFO] 获取用户jhinih的提交记录成功
2024-12-12 21:52:25 [INFO] 正在获取用户zhengjun0120的提交记录
2024-12-12 21:52:26 [INFO] 获取用户zhengjun0120的提交记录成功
2024-12-12 21:52:26 [INFO] 正在获取用户simplyjoke的提交记录
2024-12-12 21:52:27 [INFO] 获取用户simplyjoke的提交记录成功
2024-12-12 21:55:23 [INFO] 进行一次检查
2024-12-12 21:55:23 [INFO] 正在获取用户Xiao_Shuai_Ge的提交记录
2024-12-12 21:55:24 [INFO] 获取用户Xiao_Shuai_Ge的提交记录成功
2024-12-12 21:55:24 [INFO] 正在获取用户jhinih的提交记录
2024-12-12 21:55:25 [INFO] 获取用户jhinih的提交记录成功
2024-12-12 21:55:25 [INFO] 正在获取用户zhengjun0120的提交记录
2024-12-12 21:55:25 [INFO] 获取用户zhengjun0120的提交记录成功
2024-12-12 21:55:25 [INFO] 正在获取用户simplyjoke的提交记录
2024-12-12 21:55:25 [INFO] 获取用户simplyjoke的提交记录成功
2024-12-12 21:57:39 [INFO] 进行一次检查
2024-12-12 21:57:40 [INFO] 正在获取用户Xiao_Shuai_Ge的提交记录
2024-12-12 21:57:41 [INFO] 获取用户Xiao_Shuai_Ge的提交记录成功
2024-12-12 21:57:41 [INFO] 正在获取用户jhinih的提交记录
2024-12-12 21:57:41 [INFO] 获取用户jhinih的提交记录成功
2024-12-12 21:57:41 [INFO] 正在获取用户zhengjun0120的提交记录
2024-12-12 21:57:41 [INFO] 获取用户zhengjun0120的提交记录成功
2024-12-12 21:57:41 [INFO] 正在获取用户simplyjoke的提交记录
2024-12-12 21:57:42 [INFO] 获取用户simplyjoke的提交记录成功
2024-12-12 21:59:15 [INFO] 玩家 zhengjun0120 离开聊天室
2024-12-12 22:00:39 [INFO] 进行一次检查
2024-12-12 22:00:39 [INFO] 正在获取用户simplyjoke的提交记录
2024-12-12 22:00:40 [INFO] 获取用户simplyjoke的提交记录成功
2024-12-12 22:00:40 [INFO] 正在获取用户Xiao_Shuai_Ge的提交记录
2024-12-12 22:00:41 [INFO] 获取用户Xiao_Shuai_Ge的提交记录成功
2024-12-12 22:00:41 [INFO] 正在获取用户jhinih的提交记录
2024-12-12 22:00:41 [INFO] 获取用户jhinih的提交记录成功
2024-12-12 22:03:39 [INFO] 进行一次检查
2024-12-12 22:03:39 [INFO] 正在获取用户Xiao_Shuai_Ge的提交记录
2024-12-12 22:03:40 [INFO] 获取用户Xiao_Shuai_Ge的提交记录成功
2024-12-12 22:03:40 [INFO] 正在获取用户jhinih的提交记录
2024-12-12 22:03:40 [INFO] 获取用户jhinih的提交记录成功
2024-12-12 22:03:40 [INFO] 正在获取用户simplyjoke的提交记录
2024-12-12 22:03:40 [INFO] 获取用户simplyjoke的提交记录成功
2024-12-12 22:06:39 [INFO] 进行一次检查
2024-12-12 22:06:39 [INFO] 正在获取用户Xiao_Shuai_Ge的提交记录
2024-12-12 22:06:44 [INFO] 获取用户Xiao_Shuai_Ge的提交记录成功
2024-12-12 22:06:45 [INFO] 正在获取用户jhinih的提交记录
2024-12-12 22:06:46 [INFO] 获取用户jhinih的提交记录成功
2024-12-12 22:06:47 [INFO] 正在获取用户simplyjoke的提交记录
2024-12-12 22:06:48 [INFO] 获取用户simplyjoke的提交记录成功
2024-12-12 22:09:39 [INFO] 进行一次检查
2024-12-12 22:09:39 [INFO] 正在获取用户simplyjoke的提交记录
2024-12-12 22:09:41 [INFO] 获取用户simplyjoke的提交记录成功
2024-12-12 22:09:41 [INFO] 正在获取用户Xiao_Shuai_Ge的提交记录
2024-12-12 22:09:42 [INFO] 获取用户Xiao_Shuai_Ge的提交记录成功
2024-12-12 22:09:42 [INFO] 正在获取用户jhinih的提交记录
2024-12-12 22:09:42 [INFO] 获取用户jhinih的提交记录成功
2024-12-12 22:12:39 [INFO] 进行一次检查
2024-12-12 22:12:39 [INFO] 正在获取用户Xiao_Shuai_Ge的提交记录
2024-12-12 22:12:40 [INFO] 获取用户Xiao_Shuai_Ge的提交记录成功
2024-12-12 22:12:40 [INFO] 正在获取用户jhinih的提交记录
2024-12-12 22:12:40 [INFO] 获取用户jhinih的提交记录成功
2024-12-12 22:12:40 [INFO] 正在获取用户simplyjoke的提交记录
2024-12-12 22:12:41 [INFO] 获取用户simplyjoke的提交记录成功
2024-12-12 22:15:39 [INFO] 进行一次检查
2024-12-12 22:15:39 [INFO] 正在获取用户Xiao_Shuai_Ge的提交记录
2024-12-12 22:15:41 [INFO] 获取用户Xiao_Shuai_Ge的提交记录成功
2024-12-12 22:15:41 [INFO] 正在获取用户jhinih的提交记录
2024-12-12 22:15:42 [INFO] 获取用户jhinih的提交记录成功
2024-12-12 22:15:42 [INFO] 正在获取用户simplyjoke的提交记录
2024-12-12 22:15:43 [INFO] 获取用户simplyjoke的提交记录成功
2024-12-12 22:18:39 [INFO] 进行一次检查
2024-12-12 22:18:39 [INFO] 正在获取用户Xiao_Shuai_Ge的提交记录
2024-12-12 22:18:40 [INFO] 获取用户Xiao_Shuai_Ge的提交记录成功
2024-12-12 22:18:40 [INFO] 正在获取用户jhinih的提交记录
2024-12-12 22:18:40 [INFO] 获取用户jhinih的提交记录成功
2024-12-12 22:18:40 [INFO] 正在获取用户simplyjoke的提交记录
2024-12-12 22:18:41 [INFO] 获取用户simplyjoke的提交记录成功
2024-12-12 22:19:32 [INFO] 玩家 jhinih 离开聊天室
2024-12-12 22:21:39 [INFO] 进行一次检查
2024-12-12 22:21:39 [INFO] 正在获取用户simplyjoke的提交记录
2024-12-12 22:21:42 [INFO] 获取用户simplyjoke的提交记录成功
2024-12-12 22:21:42 [INFO] 正在获取用户Xiao_Shuai_Ge的提交记录
2024-12-12 22:21:42 [INFO] 获取用户Xiao_Shuai_Ge的提交记录成功
2024-12-12 22:24:39 [INFO] 进行一次检查
2024-12-12 22:24:39 [INFO] 正在获取用户simplyjoke的提交记录
2024-12-12 22:24:42 [INFO] 获取用户simplyjoke的提交记录成功
2024-12-12 22:24:42 [INFO] 正在获取用户Xiao_Shuai_Ge的提交记录
2024-12-12 22:24:43 [INFO] 获取用户Xiao_Shuai_Ge的提交记录成功
2024-12-12 22:27:39 [INFO] 进行一次检查
2024-12-12 22:27:39 [INFO] 正在获取用户Xiao_Shuai_Ge的提交记录
2024-12-12 22:27:42 [INFO] 获取用户Xiao_Shuai_Ge的提交记录成功
2024-12-12 22:27:42 [INFO] 正在获取用户simplyjoke的提交记录
2024-12-12 22:27:43 [INFO] 获取用户simplyjoke的提交记录成功
2024-12-12 22:30:40 [INFO] 玩家 simplyjoke 离开聊天室
2024-12-12 22:40:27 [ERROR] 查询用户失败:
%!(EXTRA *gorm.DB=&{0xc0002aa090 <nil> 1 0xc0005101c0 0})2024-12-12 22:40:27 [INFO] 玩家 jhinih 进入聊天室
2024-12-12 22:46:22 [INFO] 玩家 Xiao_Shuai_Ge 离开聊天室
2024-12-12 22:53:31 [INFO] 玩家 jhinih 离开聊天室
