2024-11-30 20:48:52 [INFO] 数据库加载成功
2024-11-30 20:48:52 [INFO] ACM GAME 启动成功!
2024-11-30 20:48:52 [INFO] 目前版本: v2.0.0
2024-11-30 20:49:01 [INFO] 玩家 Xiao_Shuai_Ge 进入聊天室
2024-11-30 20:49:01 [DEBUG] 成功发送一条群发消息: [[33m系统[0m] Xiao_Shuai_Ge [33m进入聊天室[0m
2024-11-30 20:49:04 [DEBUG] 成功发送一条群发消息: 
    _    ___  __  __         _____  ___  ___  _____   __  __   ___   ___   ___ 
   /_\  / __||  \/  |  ___  |_   _|| __|/ __||_   _| |  \/  | / _ \ |   \ | __|
  / _ \| (__ | |\/| | |___|   | |  | _| \__ \  | |   | |\/| || (_) || |) || _| 
 /_/ \_\\___||_|  |_|         |_|  |___||___/  |_|   |_|  |_| \___/ |___/ |___|

2024-11-30 20:49:04 [INFO] 游戏开始
2024-11-30 20:49:04 [DEBUG] 成功发送一条群发消息: [[33m系统[0m] 游戏开始!
2024-11-30 20:49:04 [DEBUG] 成功对发送一条个人消息: 
题目列表:
2024-11-30 20:49:04 [DEBUG] 成功对发送一条个人消息: 1. https://mirror.codeforces.com/problemset/problem/1981/B (难度: 1300)
2024-11-30 20:49:23 [DEBUG] 成功对发送一条个人消息: [[33m系统[0m] 检查频率过快，请稍后再试！
2024-11-30 20:49:25 [DEBUG] 成功发送一条群发消息: [[33m系统[0m] 进行一次提交检查...
2024-11-30 20:49:25 [INFO] 进行一次检查
2024-11-30 20:49:26 [INFO] 正在获取用户Xiao_Shuai_Ge的提交记录
2024-11-30 20:49:30 [INFO] 获取用户Xiao_Shuai_Ge的提交记录成功
2024-11-30 20:49:30 [DEBUG] 成功发送一条群发消息: [[33m系统[0m] Xiao_Shuai_Ge [32mAC了第 1 题！(罚时: 0 )[0m
2024-11-30 20:49:32 [DEBUG] 成功发送一条群发消息: [Xiao_Shuai_Ge]:ee
2024-11-30 20:49:36 [DEBUG] 成功发送一条群发消息: [[33m系统[0m] 游戏结束! 共解决题目: 1, 总罚时: 0
2024-11-30 20:49:43 [DEBUG] 成功发送一条群发消息: 
    _    ___  __  __         ___    _    ___ __   __  __  __   ___   ___   ___ 
   /_\  / __||  \/  |  ___  | __|  /_\  / __|\ \ / / |  \/  | / _ \ |   \ | __|
  / _ \| (__ | |\/| | |___| | _|  / _ \ \__ \ \ V /  | |\/| || (_) || |) || _| 
 /_/ \_\\___||_|  |_|       |___|/_/ \_\|___/  |_|   |_|  |_| \___/ |___/ |___|

2024-11-30 20:49:43 [INFO] 游戏开始
2024-11-30 20:49:43 [DEBUG] 成功发送一条群发消息: [[33m系统[0m] 游戏开始!
2024-11-30 20:49:43 [DEBUG] 成功对发送一条个人消息: 
题目列表:
2024-11-30 20:49:43 [DEBUG] 成功对发送一条个人消息: 1. https://mirror.codeforces.com/problemset/problem/1363/C (难度: 1600)
2024-11-30 20:49:43 [DEBUG] 成功对发送一条个人消息: 2. https://mirror.codeforces.com/problemset/problem/1634/A (难度: 800)
2024-11-30 20:49:43 [DEBUG] 成功对发送一条个人消息: 3. https://mirror.codeforces.com/problemset/problem/990/A (难度: 1000)
2024-11-30 20:49:43 [DEBUG] 成功对发送一条个人消息: 4. https://mirror.codeforces.com/problemset/problem/203/A (难度: 1200)
2024-11-30 20:49:43 [DEBUG] 成功对发送一条个人消息: 5. https://mirror.codeforces.com/problemset/problem/455/A (难度: 1500)
2024-11-30 20:49:43 [DEBUG] 成功对发送一条个人消息: 6. https://mirror.codeforces.com/problemset/problem/1794/B (难度: 900)
2024-11-30 20:49:56 [INFO] 玩家 Xiao_Shuai_Ge 离开聊天室
2024-11-30 20:49:56 [DEBUG] 成功发送一条群发消息: [[33m系统[0m] Xiao_Shuai_Ge [33m离开聊天室[0m
2024-11-30 20:52:43 [DEBUG] 成功发送一条群发消息: [[33m系统[0m] 进行一次提交检查...
2024-11-30 20:52:43 [INFO] 进行一次检查
