2024-11-30 20:47:23 [INFO] 数据库加载成功
2024-11-30 20:47:23 [INFO] ACM GAME 启动成功!
2024-11-30 20:47:23 [INFO] 目前版本: v2.0.0
2024-11-30 20:47:29 [INFO] 玩家 Xiao_Shuai_Ge 进入聊天室
2024-11-30 20:47:29 [DEBUG] 成功发送一条群发消息: [[33m系统[0m] Xiao_Shuai_Ge [33m进入聊天室[0m
2024-11-30 20:47:32 [DEBUG] 成功发送一条群发消息: 
    _    ___  __  __         _____  ___  ___  _____   __  __   ___   ___   ___ 
   /_\  / __||  \/  |  ___  |_   _|| __|/ __||_   _| |  \/  | / _ \ |   \ | __|
  / _ \| (__ | |\/| | |___|   | |  | _| \__ \  | |   | |\/| || (_) || |) || _| 
 /_/ \_\\___||_|  |_|         |_|  |___||___/  |_|   |_|  |_| \___/ |___/ |___|

2024-11-30 20:47:32 [INFO] 游戏开始
2024-11-30 20:47:32 [DEBUG] 成功发送一条群发消息: [[33m系统[0m] 游戏开始!
2024-11-30 20:47:32 [DEBUG] 成功对发送一条个人消息: 
题目列表:
2024-11-30 20:47:32 [DEBUG] 成功对发送一条个人消息: 1. https://mirror.codeforces.com/problemset/problem/1981/B (难度: 1300)
2024-11-30 20:47:35 [DEBUG] 成功对发送一条个人消息: [[33m系统[0m] 检查频率过快，请稍后再试！
2024-11-30 20:47:56 [DEBUG] 成功发送一条群发消息: [[33m系统[0m] 进行一次提交检查...
2024-11-30 20:47:56 [INFO] 进行一次检查
2024-11-30 20:47:56 [INFO] 正在获取用户Xiao_Shuai_Ge的提交记录
2024-11-30 20:48:00 [INFO] 获取用户Xiao_Shuai_Ge的提交记录成功
2024-11-30 20:48:00 [DEBUG] 成功发送一条群发消息: [[33m系统[0m] Xiao_Shuai_Ge [32mAC了第 1 题！(罚时: 0 )[0m
2024-11-30 20:48:09 [DEBUG] 成功发送一条群发消息: [[33m系统[0m] 游戏结束! 共解决题目: 0, 总罚时: 0
2024-11-30 20:48:16 [INFO] 玩家 Xiao_Shuai_Ge 离开聊天室
2024-11-30 20:48:16 [DEBUG] 成功发送一条群发消息: [[33m系统[0m] Xiao_Shuai_Ge [33m离开聊天室[0m
