2025-09-24 00:26:39 [INFO] 数据库加载成功
2025-09-24 00:26:39 [INFO] 解析更新日志成功
2025-09-24 00:26:39 [INFO] ACM GAME 启动成功!
2025-09-24 00:26:39 [INFO] 目前版本: v2.0.0
2025-09-24 00:27:37 [ERROR] 查询用户失败:
%!(EXTRA *gorm.DB=&{0xc0001306c0 Error 1146 (42S02): Table 'acm_game.users' doesn't exist 0 0xc000296000 0})2025-09-24 00:27:37 [INFO] 用户不存在，创建新用户:
%!(EXTRA string=sekiro111)2025-09-24 00:27:37 [INFO] 玩家 sekiro111 进入聊天室
2025-09-24 00:28:22 [ERROR] 查询用户失败:
%!(EXTRA *gorm.DB=&{0xc0001306c0 Error 1146 (42S02): Table 'acm_game.users' doesn't exist 0 0xc00022a960 0})2025-09-24 00:28:22 [INFO] 用户不存在，创建新用户:
%!(EXTRA string=Xiao_Shuai_Ge)2025-09-24 00:28:22 [INFO] 玩家 Xiao_Shuai_Ge 进入聊天室
2025-09-24 00:29:40 [INFO] 游戏开始
2025-09-24 00:32:40 [INFO] 进行一次检查
2025-09-24 00:32:40 [INFO] 正在获取用户sekiro111的提交记录
2025-09-24 00:32:42 [INFO] 获取用户sekiro111的提交记录成功，共48条记录
2025-09-24 00:32:42 [INFO] 正在获取用户Xiao_Shuai_Ge的提交记录
2025-09-24 00:32:44 [INFO] 获取用户Xiao_Shuai_Ge的提交记录成功，共100条记录
2025-09-24 00:35:40 [INFO] 进行一次检查
2025-09-24 00:35:40 [INFO] 正在获取用户sekiro111的提交记录
2025-09-24 00:35:41 [INFO] 获取用户sekiro111的提交记录成功，共48条记录
2025-09-24 00:35:41 [INFO] 正在获取用户Xiao_Shuai_Ge的提交记录
2025-09-24 00:35:43 [INFO] 获取用户Xiao_Shuai_Ge的提交记录成功，共100条记录
2025-09-24 00:36:57 [INFO] 进行一次检查
2025-09-24 00:36:57 [INFO] 正在获取用户sekiro111的提交记录
2025-09-24 00:37:00 [INFO] 获取用户sekiro111的提交记录成功，共48条记录
2025-09-24 00:37:00 [INFO] 正在获取用户Xiao_Shuai_Ge的提交记录
2025-09-24 00:37:01 [INFO] 获取用户Xiao_Shuai_Ge的提交记录成功，共100条记录
2025-09-24 00:39:45 [ERROR] 查询用户失败:
%!(EXTRA *gorm.DB=&{0xc0001306c0 Error 1146 (42S02): Table 'acm_game.users' doesn't exist 0 0xc0002a8000 0})2025-09-24 00:39:45 [INFO] 用户不存在，创建新用户:
%!(EXTRA string=Xiao_Shuai_Ge)2025-09-24 00:39:45 [INFO] 玩家 Xiao_Shuai_Ge 进入聊天室
2025-09-24 00:39:57 [INFO] 进行一次检查
2025-09-24 00:39:57 [INFO] 正在获取用户sekiro111的提交记录
2025-09-24 00:39:58 [INFO] 获取用户sekiro111的提交记录成功，共48条记录
2025-09-24 00:39:58 [INFO] 正在获取用户Xiao_Shuai_Ge的提交记录
2025-09-24 00:39:59 [INFO] 玩家 Xiao_Shuai_Ge 离开聊天室
2025-09-24 00:40:00 [INFO] 获取用户Xiao_Shuai_Ge的提交记录成功，共100条记录
2025-09-24 00:40:44 [ERROR] 查询用户失败:
%!(EXTRA *gorm.DB=&{0xc0001306c0 Error 1146 (42S02): Table 'acm_game.users' doesn't exist 0 0xc0002c2000 0})2025-09-24 00:40:44 [INFO] 用户不存在，创建新用户:
%!(EXTRA string=Xiao_Shuai_Ge)2025-09-24 00:40:44 [INFO] 玩家 Xiao_Shuai_Ge 进入聊天室
2025-09-24 00:40:46 [INFO] 玩家 Xiao_Shuai_Ge 离开聊天室
2025-09-24 00:41:40 [ERROR] 查询用户失败:
%!(EXTRA *gorm.DB=&{0xc0001306c0 Error 1146 (42S02): Table 'acm_game.users' doesn't exist 0 0xc0002c25a0 0})2025-09-24 00:41:40 [INFO] 用户不存在，创建新用户:
%!(EXTRA string=Xiao_Shuai_Ge)2025-09-24 00:41:40 [INFO] 玩家 Xiao_Shuai_Ge 进入聊天室
2025-09-24 00:41:41 [INFO] 玩家 Xiao_Shuai_Ge 离开聊天室
2025-09-24 00:42:57 [INFO] 进行一次检查
2025-09-24 00:42:57 [INFO] 正在获取用户sekiro111的提交记录
2025-09-24 00:43:00 [INFO] 获取用户sekiro111的提交记录成功，共48条记录
2025-09-24 00:43:00 [INFO] 正在获取用户Xiao_Shuai_Ge的提交记录
2025-09-24 00:43:01 [INFO] 获取用户Xiao_Shuai_Ge的提交记录成功，共100条记录
2025-09-24 00:44:09 [INFO] 进行一次检查
2025-09-24 00:44:09 [INFO] 正在获取用户sekiro111的提交记录
2025-09-24 00:44:11 [INFO] 获取用户sekiro111的提交记录成功，共48条记录
2025-09-24 00:44:11 [INFO] 正在获取用户Xiao_Shuai_Ge的提交记录
2025-09-24 00:44:12 [INFO] 获取用户Xiao_Shuai_Ge的提交记录成功，共100条记录
2025-09-24 00:47:09 [INFO] 进行一次检查
2025-09-24 00:47:09 [INFO] 正在获取用户sekiro111的提交记录
2025-09-24 00:47:10 [INFO] 获取用户sekiro111的提交记录成功，共48条记录
2025-09-24 00:47:10 [INFO] 正在获取用户Xiao_Shuai_Ge的提交记录
2025-09-24 00:47:11 [INFO] 获取用户Xiao_Shuai_Ge的提交记录成功，共100条记录
2025-09-24 00:48:08 [INFO] 进行一次检查
2025-09-24 00:48:08 [INFO] 正在获取用户sekiro111的提交记录
2025-09-24 00:48:09 [INFO] 获取用户sekiro111的提交记录成功，共48条记录
2025-09-24 00:48:09 [INFO] 正在获取用户Xiao_Shuai_Ge的提交记录
2025-09-24 00:48:11 [INFO] 获取用户Xiao_Shuai_Ge的提交记录成功，共100条记录
2025-09-24 00:48:30 [INFO] 进行一次检查
2025-09-24 00:48:30 [INFO] 正在获取用户sekiro111的提交记录
2025-09-24 00:48:31 [INFO] 获取用户sekiro111的提交记录成功，共48条记录
2025-09-24 00:48:31 [INFO] 正在获取用户Xiao_Shuai_Ge的提交记录
2025-09-24 00:48:33 [INFO] 获取用户Xiao_Shuai_Ge的提交记录成功，共100条记录
2025-09-24 00:51:30 [INFO] 进行一次检查
2025-09-24 00:51:30 [INFO] 正在获取用户sekiro111的提交记录
2025-09-24 00:51:32 [INFO] 获取用户sekiro111的提交记录成功，共48条记录
2025-09-24 00:51:32 [INFO] 正在获取用户Xiao_Shuai_Ge的提交记录
2025-09-24 00:51:34 [INFO] 获取用户Xiao_Shuai_Ge的提交记录成功，共100条记录
2025-09-24 00:53:19 [INFO] 进行一次检查
2025-09-24 00:53:19 [INFO] 正在获取用户Xiao_Shuai_Ge的提交记录
2025-09-24 00:53:22 [INFO] 获取用户Xiao_Shuai_Ge的提交记录成功，共100条记录
2025-09-24 00:53:22 [INFO] 正在获取用户sekiro111的提交记录
2025-09-24 00:53:23 [INFO] 获取用户sekiro111的提交记录成功，共49条记录
