2025-09-24 00:17:49 [INFO] 数据库加载成功
2025-09-24 00:17:49 [INFO] 解析更新日志成功
2025-09-24 00:17:49 [INFO] ACM GAME 启动成功!
2025-09-24 00:17:49 [INFO] 目前版本: v2.0.0
2025-09-24 00:17:53 [ERROR] 查询用户失败:
%!(EXTRA *gorm.DB=&{0xc0001306c0 Error 1146 (42S02): Table 'acm_game.users' doesn't exist 0 0xc00022a960 0})2025-09-24 00:17:53 [INFO] 用户不存在，创建新用户:
%!(EXTRA string=Xiao_Shuai_Ge)2025-09-24 00:17:53 [INFO] 玩家 Xiao_Shuai_Ge 进入聊天室
2025-09-24 00:17:56 [INFO] 游戏开始
2025-09-24 00:19:07 [INFO] 进行一次检查
2025-09-24 00:19:07 [INFO] 正在获取用户Xiao_Shuai_Ge的提交记录
2025-09-24 00:19:08 [INFO] 获取用户Xiao_Shuai_Ge的提交记录成功，共100条记录
2025-09-24 00:22:07 [INFO] 进行一次检查
2025-09-24 00:22:07 [INFO] 正在获取用户Xiao_Shuai_Ge的提交记录
2025-09-24 00:22:10 [INFO] 获取用户Xiao_Shuai_Ge的提交记录成功，共100条记录
2025-09-24 00:25:07 [INFO] 进行一次检查
2025-09-24 00:25:07 [INFO] 正在获取用户Xiao_Shuai_Ge的提交记录
2025-09-24 00:25:08 [INFO] 获取用户Xiao_Shuai_Ge的提交记录成功，共100条记录
2025-09-24 00:25:28 [INFO] 进行一次检查
2025-09-24 00:25:28 [INFO] 正在获取用户Xiao_Shuai_Ge的提交记录
2025-09-24 00:25:29 [INFO] 获取用户Xiao_Shuai_Ge的提交记录成功，共100条记录
2025-09-24 00:25:54 [INFO] 玩家 Xiao_Shuai_Ge 离开聊天室
